{"level":"info","message":"MongoDB Connected","timestamp":"2026-06-10T12:50:04.524Z"}
{"level":"info","message":"MongoDB Connected","timestamp":"2026-06-10T12:54:22.143Z"}
{"level":"info","message":"MongoDB Connected","timestamp":"2026-06-10T12:55:15.900Z"}
{"level":"info","message":"MongoDB Connected","timestamp":"2026-06-10T17:12:23.611Z"}
{"level":"info","message":"MongoDB Connected","timestamp":"2026-06-10T17:16:57.504Z"}
{"level":"info","message":"MongoDB Connected","timestamp":"2026-06-10T17:16:59.032Z"}
{"level":"info","message":"MongoDB Connected","timestamp":"2026-06-10T17:17:02.609Z"}
{"level":"info","message":"MongoDB Connected","timestamp":"2026-06-10T17:17:05.091Z"}
{"level":"info","message":"MongoDB Connected","timestamp":"2026-06-10T17:17:09.988Z"}
{"level":"info","message":"MongoDB Connected","timestamp":"2026-06-10T17:24:41.650Z"}
{"level":"info","message":"MongoDB Connected","timestamp":"2026-06-10T17:25:11.486Z"}
{"level":"info","message":"MongoDB Connected","timestamp":"2026-06-10T17:26:18.585Z"}
{"level":"info","message":"MongoDB Connected","timestamp":"2026-06-10T17:26:58.716Z"}
{"level":"info","message":"MongoDB Connected","timestamp":"2026-06-10T17:27:05.326Z"}
{"level":"info","message":"MongoDB Connected","timestamp":"2026-06-10T17:27:12.667Z"}
{"level":"info","message":"MongoDB Connected","timestamp":"2026-06-10T17:27:52.218Z"}
{"level":"info","message":"MongoDB Connected","timestamp":"2026-06-10T17:27:57.868Z"}
{"level":"info","message":"MongoDB Connected","timestamp":"2026-06-10T17:29:23.166Z"}
{"level":"info","message":"MongoDB Connected","timestamp":"2026-06-10T17:29:31.725Z"}
{"level":"info","message":"MongoDB Connected","timestamp":"2026-06-10T17:29:56.183Z"}
{"level":"info","message":"MongoDB Connected","timestamp":"2026-06-10T17:29:58.248Z"}
{"level":"info","message":"MongoDB Connected","timestamp":"2026-06-10T17:31:01.146Z"}
{"level":"info","message":"MongoDB Connected","timestamp":"2026-06-10T17:32:01.953Z"}
{"level":"info","message":"MongoDB Connected","timestamp":"2026-06-10T17:32:29.392Z"}
{"level":"info","message":"MongoDB Connected","timestamp":"2026-06-10T17:32:37.359Z"}
{"level":"info","message":"MongoDB Connected","timestamp":"2026-06-10T17:33:01.886Z"}
{"level":"info","message":"MongoDB Connected","timestamp":"2026-06-10T17:38:59.549Z"}
{"level":"info","message":"MongoDB Connected","timestamp":"2026-06-10T17:39:39.840Z"}
{"level":"info","message":"MongoDB Connected","timestamp":"2026-06-10T17:39:51.449Z"}
{"level":"info","message":"MongoDB Connected","timestamp":"2026-06-10T17:40:04.154Z"}
{"level":"info","message":"MongoDB Connected","timestamp":"2026-06-10T17:40:16.806Z"}
{"level":"info","message":"MongoDB Connected","timestamp":"2026-06-10T17:40:43.306Z"}
{"level":"info","message":"MongoDB Connected","timestamp":"2026-06-10T17:40:54.119Z"}
{"level":"info","message":"MongoDB Connected","timestamp":"2026-06-10T17:41:03.582Z"}
{"level":"info","message":"MongoDB Connected","timestamp":"2026-06-10T17:41:13.760Z"}
{"level":"info","message":"MongoDB Connected","timestamp":"2026-06-10T17:41:24.982Z"}
{"level":"info","message":"MongoDB Connected","timestamp":"2026-06-10T17:41:46.691Z"}
{"level":"info","message":"MongoDB Connected","timestamp":"2026-06-10T17:42:02.504Z"}
{"level":"info","message":"MongoDB Connected","timestamp":"2026-06-10T17:42:11.399Z"}
{"level":"info","message":"MongoDB Connected","timestamp":"2026-06-10T17:42:17.032Z"}
{"level":"info","message":"MongoDB Connected","timestamp":"2026-06-10T17:42:23.981Z"}
{"level":"info","message":"MongoDB Connected","timestamp":"2026-06-11T05:02:02.489Z"}
{"level":"info","message":"MongoDB Connected","timestamp":"2026-06-11T06:09:35.650Z"}
{"code":"ECONNREFUSED","hostname":"_mongodb._tcp.cluster0.8cjrk.mongodb.net","level":"error","syscall":"querySrv","timestamp":"2026-06-11T09:05:01.945Z"}
{"code":"ECONNREFUSED","hostname":"_mongodb._tcp.cluster0.8cjrk.mongodb.net","level":"error","syscall":"querySrv","timestamp":"2026-06-11T09:30:49.558Z"}
{"code":"ECONNREFUSED","hostname":"_mongodb._tcp.cluster0.8cjrk.mongodb.net","level":"error","syscall":"querySrv","timestamp":"2026-06-11T09:50:49.147Z"}
{"code":"ECONNREFUSED","hostname":"_mongodb._tcp.cluster0.8cjrk.mongodb.net","level":"error","syscall":"querySrv","timestamp":"2026-06-20T13:21:55.900Z"}
{"code":"ECONNREFUSED","hostname":"_mongodb._tcp.cluster0.8cjrk.mongodb.net","level":"error","syscall":"querySrv","timestamp":"2026-06-20T13:26:17.508Z"}
{"code":"ECONNREFUSED","hostname":"_mongodb._tcp.cluster0.8cjrk.mongodb.net","level":"error","syscall":"querySrv","timestamp":"2026-06-20T13:28:54.364Z"}
{"code":"ECONNREFUSED","hostname":"_mongodb._tcp.cluster0.8cjrk.mongodb.net","level":"error","syscall":"querySrv","timestamp":"2026-06-20T13:29:29.146Z"}
{"level":"info","message":"MongoDB Connected","timestamp":"2026-06-20T13:31:44.495Z"}
{"level":"info","message":"MongoDB Connected","timestamp":"2026-06-20T13:34:35.602Z"}
{"level":"info","message":"MongoDB Connected","timestamp":"2026-06-20T13:36:04.234Z"}
{"level":"info","message":"MongoDB Connected","timestamp":"2026-06-20T15:38:55.356Z"}
{"level":"info","message":"Starting Daily ROI Cron","timestamp":"2026-06-20T15:39:00.023Z"}
{"level":"info","message":"Processing 5 investments","timestamp":"2026-06-20T15:39:00.062Z"}
{"level":"info","message":"ROI Processing Completed","timestamp":"2026-06-20T15:39:00.117Z"}
{"level":"info","message":"Starting Daily ROI Cron","timestamp":"2026-06-20T15:40:00.031Z"}
{"level":"warn","message":"ROI Cron Already Executed","timestamp":"2026-06-20T15:40:00.036Z"}
{"level":"info","message":"Starting Daily ROI Cron","timestamp":"2026-06-20T15:41:00.019Z"}
{"level":"warn","message":"ROI Cron Already Executed","timestamp":"2026-06-20T15:41:00.022Z"}
{"level":"info","message":"Starting Daily ROI Cron","timestamp":"2026-06-20T15:42:00.023Z"}
{"level":"warn","message":"ROI Cron Already Executed","timestamp":"2026-06-20T15:42:00.027Z"}
{"level":"info","message":"Starting Daily ROI Cron","timestamp":"2026-06-20T15:43:00.009Z"}
{"level":"warn","message":"ROI Cron Already Executed","timestamp":"2026-06-20T15:43:00.012Z"}
{"level":"info","message":"Starting Daily ROI Cron","timestamp":"2026-06-20T15:44:00.061Z"}
{"level":"warn","message":"ROI Cron Already Executed","timestamp":"2026-06-20T15:44:00.071Z"}
{"level":"info","message":"Starting Daily ROI Cron","timestamp":"2026-06-20T15:45:00.020Z"}
{"level":"warn","message":"ROI Cron Already Executed","timestamp":"2026-06-20T15:45:00.023Z"}
{"level":"info","message":"MongoDB Connected","timestamp":"2026-06-20T15:45:32.395Z"}
{"level":"info","message":"MongoDB Connected","timestamp":"2026-06-20T21:16:50.535Z"}
{"level":"info","message":"MongoDB Connected","timestamp":"2026-06-21T12:28:43.742Z"}
{"level":"info","message":"MongoDB Connected","timestamp":"2026-06-21T12:35:39.148Z"}
{"level":"info","message":"MongoDB Connected","timestamp":"2026-06-21T12:35:51.054Z"}
{"level":"info","message":"MongoDB Connected","timestamp":"2026-06-21T12:35:55.583Z"}
{"level":"info","message":"MongoDB Connected","timestamp":"2026-06-21T12:36:50.336Z"}
{"level":"info","message":"MongoDB Connected","timestamp":"2026-06-21T12:36:53.250Z"}
{"level":"info","message":"MongoDB Connected","timestamp":"2026-06-21T12:39:21.834Z"}
{"level":"info","message":"MongoDB Connected","timestamp":"2026-06-21T12:40:32.478Z"}
{"level":"info","message":"MongoDB Connected","timestamp":"2026-06-21T12:45:05.775Z"}
{"level":"info","message":"MongoDB Connected","timestamp":"2026-06-21T12:45:08.235Z"}
{"level":"info","message":"MongoDB Connected","timestamp":"2026-06-21T12:45:47.650Z"}
{"level":"info","message":"Starting Daily ROI Cron","timestamp":"2026-06-21T12:46:00.023Z"}
{"level":"info","message":"Processing 5 investments","timestamp":"2026-06-21T12:46:00.067Z"}
{"level":"info","message":"ROI Processing Completed","timestamp":"2026-06-21T12:46:00.099Z"}
{"level":"info","message":"Starting Daily ROI Cron","timestamp":"2026-06-21T12:47:00.021Z"}
{"level":"warn","message":"ROI Cron Already Executed","timestamp":"2026-06-21T12:47:00.023Z"}
{"level":"info","message":"Starting Daily ROI Cron","timestamp":"2026-06-21T12:48:00.027Z"}
{"level":"warn","message":"ROI Cron Already Executed","timestamp":"2026-06-21T12:48:00.030Z"}
{"level":"info","message":"Starting Daily ROI Cron","timestamp":"2026-06-21T12:49:00.026Z"}
{"level":"warn","message":"ROI Cron Already Executed","timestamp":"2026-06-21T12:49:00.028Z"}
{"level":"info","message":"Starting Daily ROI Cron","timestamp":"2026-06-21T12:50:00.024Z"}
{"level":"warn","message":"ROI Cron Already Executed","timestamp":"2026-06-21T12:50:00.027Z"}
{"level":"info","message":"Starting Daily ROI Cron","timestamp":"2026-06-21T12:51:00.027Z"}
{"level":"warn","message":"ROI Cron Already Executed","timestamp":"2026-06-21T12:51:00.028Z"}
{"level":"info","message":"Starting Daily ROI Cron","timestamp":"2026-06-21T12:52:00.027Z"}
{"level":"warn","message":"ROI Cron Already Executed","timestamp":"2026-06-21T12:52:00.029Z"}
{"level":"info","message":"Starting Daily ROI Cron","timestamp":"2026-06-21T12:53:00.019Z"}
{"level":"warn","message":"ROI Cron Already Executed","timestamp":"2026-06-21T12:53:00.021Z"}
{"level":"info","message":"Starting Daily ROI Cron","timestamp":"2026-06-21T12:54:00.016Z"}
{"level":"warn","message":"ROI Cron Already Executed","timestamp":"2026-06-21T12:54:00.019Z"}
{"level":"info","message":"Starting Daily ROI Cron","timestamp":"2026-06-21T12:55:00.028Z"}
{"level":"warn","message":"ROI Cron Already Executed","timestamp":"2026-06-21T12:55:00.030Z"}
{"level":"info","message":"MongoDB Connected","timestamp":"2026-06-21T12:55:46.941Z"}
{"level":"info","message":"Starting Daily ROI Cron","timestamp":"2026-06-21T12:56:00.028Z"}
{"level":"warn","message":"ROI Cron Already Executed","timestamp":"2026-06-21T12:56:00.035Z"}
{"level":"info","message":"Starting Daily ROI Cron","timestamp":"2026-06-21T12:57:00.040Z"}
{"level":"warn","message":"ROI Cron Already Executed","timestamp":"2026-06-21T12:57:00.047Z"}
{"level":"info","message":"Starting Daily ROI Cron","timestamp":"2026-06-21T12:58:00.023Z"}
{"level":"warn","message":"ROI Cron Already Executed","timestamp":"2026-06-21T12:58:00.026Z"}
{"level":"info","message":"MongoDB Connected","timestamp":"2026-06-21T12:58:38.767Z"}
{"level":"info","message":"MongoDB Connected","timestamp":"2026-06-21T12:58:40.717Z"}
{"level":"info","message":"MongoDB Connected","timestamp":"2026-06-21T12:58:52.599Z"}
{"level":"info","message":"MongoDB Connected","timestamp":"2026-06-21T12:59:45.928Z"}
{"level":"info","message":"Starting Daily ROI Cron","timestamp":"2026-06-21T13:00:00.030Z"}
{"level":"warn","message":"ROI Cron Already Executed","timestamp":"2026-06-21T13:00:00.038Z"}
{"level":"info","message":"MongoDB Connected","timestamp":"2026-06-21T13:00:08.637Z"}
{"level":"info","message":"MongoDB Connected","timestamp":"2026-06-21T13:00:15.689Z"}
{"level":"info","message":"Starting Daily ROI Cron","timestamp":"2026-06-21T13:01:00.032Z"}
{"level":"warn","message":"ROI Cron Already Executed","timestamp":"2026-06-21T13:01:00.040Z"}
{"level":"info","message":"MongoDB Connected","timestamp":"2026-06-21T13:01:04.801Z"}
{"level":"info","message":"MongoDB Connected","timestamp":"2026-06-21T13:01:35.069Z"}
{"level":"info","message":"MongoDB Connected","timestamp":"2026-06-21T13:01:37.606Z"}
{"level":"info","message":"Starting Daily ROI Cron","timestamp":"2026-06-21T13:02:00.023Z"}
{"level":"warn","message":"ROI Cron Already Executed","timestamp":"2026-06-21T13:02:00.026Z"}
{"level":"info","message":"Starting Daily ROI Cron","timestamp":"2026-06-21T13:03:00.010Z"}
{"level":"warn","message":"ROI Cron Already Executed","timestamp":"2026-06-21T13:03:00.014Z"}
{"level":"info","message":"Starting Daily ROI Cron","timestamp":"2026-06-21T13:04:00.020Z"}
{"level":"warn","message":"ROI Cron Already Executed","timestamp":"2026-06-21T13:04:00.022Z"}
{"level":"info","message":"Starting Daily ROI Cron","timestamp":"2026-06-21T13:05:00.024Z"}
{"level":"warn","message":"ROI Cron Already Executed","timestamp":"2026-06-21T13:05:00.026Z"}
{"level":"info","message":"Starting Daily ROI Cron","timestamp":"2026-06-21T13:06:00.022Z"}
{"level":"warn","message":"ROI Cron Already Executed","timestamp":"2026-06-21T13:06:00.024Z"}
{"level":"info","message":"Starting Daily ROI Cron","timestamp":"2026-06-21T13:07:00.031Z"}
{"level":"warn","message":"ROI Cron Already Executed","timestamp":"2026-06-21T13:07:00.033Z"}
{"level":"info","message":"Starting Daily ROI Cron","timestamp":"2026-06-21T13:08:00.023Z"}
{"level":"warn","message":"ROI Cron Already Executed","timestamp":"2026-06-21T13:08:00.025Z"}
{"level":"info","message":"Starting Daily ROI Cron","timestamp":"2026-06-21T13:09:00.013Z"}
{"level":"warn","message":"ROI Cron Already Executed","timestamp":"2026-06-21T13:09:00.016Z"}
{"level":"info","message":"Starting Daily ROI Cron","timestamp":"2026-06-21T13:10:00.027Z"}
{"level":"warn","message":"ROI Cron Already Executed","timestamp":"2026-06-21T13:10:00.029Z"}
{"level":"info","message":"Starting Daily ROI Cron","timestamp":"2026-06-21T13:11:00.019Z"}
{"level":"warn","message":"ROI Cron Already Executed","timestamp":"2026-06-21T13:11:00.021Z"}
{"level":"info","message":"Starting Daily ROI Cron","timestamp":"2026-06-21T13:12:00.030Z"}
{"level":"warn","message":"ROI Cron Already Executed","timestamp":"2026-06-21T13:12:00.032Z"}
{"level":"info","message":"Starting Daily ROI Cron","timestamp":"2026-06-21T13:13:00.026Z"}
{"level":"warn","message":"ROI Cron Already Executed","timestamp":"2026-06-21T13:13:00.028Z"}
{"level":"info","message":"Starting Daily ROI Cron","timestamp":"2026-06-21T13:14:00.022Z"}
{"level":"warn","message":"ROI Cron Already Executed","timestamp":"2026-06-21T13:14:00.024Z"}
{"level":"info","message":"Starting Daily ROI Cron","timestamp":"2026-06-21T13:15:00.026Z"}
{"level":"warn","message":"ROI Cron Already Executed","timestamp":"2026-06-21T13:15:00.028Z"}
{"level":"info","message":"Starting Daily ROI Cron","timestamp":"2026-06-21T13:16:00.025Z"}
{"level":"warn","message":"ROI Cron Already Executed","timestamp":"2026-06-21T13:16:00.027Z"}
{"level":"info","message":"Starting Daily ROI Cron","timestamp":"2026-06-21T13:17:00.031Z"}
{"level":"warn","message":"ROI Cron Already Executed","timestamp":"2026-06-21T13:17:00.033Z"}
{"level":"info","message":"Starting Daily ROI Cron","timestamp":"2026-06-21T13:18:00.026Z"}
{"level":"warn","message":"ROI Cron Already Executed","timestamp":"2026-06-21T13:18:00.027Z"}
{"level":"info","message":"Starting Daily ROI Cron","timestamp":"2026-06-21T13:19:00.030Z"}
{"level":"warn","message":"ROI Cron Already Executed","timestamp":"2026-06-21T13:19:00.032Z"}
{"level":"info","message":"Starting Daily ROI Cron","timestamp":"2026-06-21T13:20:00.015Z"}
{"level":"warn","message":"ROI Cron Already Executed","timestamp":"2026-06-21T13:20:00.019Z"}
{"level":"info","message":"Starting Daily ROI Cron","timestamp":"2026-06-21T13:21:00.019Z"}
{"level":"warn","message":"ROI Cron Already Executed","timestamp":"2026-06-21T13:21:00.021Z"}
{"level":"info","message":"Starting Daily ROI Cron","timestamp":"2026-06-21T13:22:00.016Z"}
{"level":"warn","message":"ROI Cron Already Executed","timestamp":"2026-06-21T13:22:00.018Z"}
{"level":"info","message":"Starting Daily ROI Cron","timestamp":"2026-06-21T13:23:00.032Z"}
{"level":"warn","message":"ROI Cron Already Executed","timestamp":"2026-06-21T13:23:00.034Z"}
{"level":"info","message":"Starting Daily ROI Cron","timestamp":"2026-06-21T13:24:00.018Z"}
{"level":"warn","message":"ROI Cron Already Executed","timestamp":"2026-06-21T13:24:00.020Z"}
{"level":"info","message":"Starting Daily ROI Cron","timestamp":"2026-06-21T13:25:00.026Z"}
{"level":"warn","message":"ROI Cron Already Executed","timestamp":"2026-06-21T13:25:00.029Z"}
{"level":"info","message":"Starting Daily ROI Cron","timestamp":"2026-06-21T13:26:00.028Z"}
{"level":"warn","message":"ROI Cron Already Executed","timestamp":"2026-06-21T13:26:00.030Z"}
{"level":"info","message":"Starting Daily ROI Cron","timestamp":"2026-06-21T13:27:00.021Z"}
{"level":"warn","message":"ROI Cron Already Executed","timestamp":"2026-06-21T13:27:00.022Z"}
{"level":"info","message":"Starting Daily ROI Cron","timestamp":"2026-06-21T13:28:00.028Z"}
{"level":"warn","message":"ROI Cron Already Executed","timestamp":"2026-06-21T13:28:00.030Z"}
{"level":"info","message":"Starting Daily ROI Cron","timestamp":"2026-06-21T13:29:00.026Z"}
{"level":"warn","message":"ROI Cron Already Executed","timestamp":"2026-06-21T13:29:00.027Z"}
{"level":"info","message":"Starting Daily ROI Cron","timestamp":"2026-06-21T13:30:00.020Z"}
{"level":"warn","message":"ROI Cron Already Executed","timestamp":"2026-06-21T13:30:00.022Z"}
{"level":"info","message":"Starting Daily ROI Cron","timestamp":"2026-06-21T13:31:00.030Z"}
{"level":"warn","message":"ROI Cron Already Executed","timestamp":"2026-06-21T13:31:00.032Z"}
{"level":"info","message":"Starting Daily ROI Cron","timestamp":"2026-06-21T13:32:00.030Z"}
{"level":"warn","message":"ROI Cron Already Executed","timestamp":"2026-06-21T13:32:00.032Z"}
{"level":"info","message":"Starting Daily ROI Cron","timestamp":"2026-06-21T13:33:00.016Z"}
{"level":"warn","message":"ROI Cron Already Executed","timestamp":"2026-06-21T13:33:00.018Z"}
{"level":"info","message":"Starting Daily ROI Cron","timestamp":"2026-06-21T13:34:00.027Z"}
{"level":"warn","message":"ROI Cron Already Executed","timestamp":"2026-06-21T13:34:00.029Z"}
{"level":"info","message":"Starting Daily ROI Cron","timestamp":"2026-06-21T13:35:00.022Z"}
{"level":"warn","message":"ROI Cron Already Executed","timestamp":"2026-06-21T13:35:00.023Z"}
{"level":"info","message":"Starting Daily ROI Cron","timestamp":"2026-06-21T13:36:00.019Z"}
{"level":"warn","message":"ROI Cron Already Executed","timestamp":"2026-06-21T13:36:00.020Z"}
{"level":"info","message":"Starting Daily ROI Cron","timestamp":"2026-06-21T13:37:00.031Z"}
{"level":"warn","message":"ROI Cron Already Executed","timestamp":"2026-06-21T13:37:00.034Z"}
{"level":"info","message":"Starting Daily ROI Cron","timestamp":"2026-06-21T13:38:00.017Z"}
{"level":"warn","message":"ROI Cron Already Executed","timestamp":"2026-06-21T13:38:00.019Z"}
{"level":"info","message":"MongoDB Connected","timestamp":"2026-06-21T13:38:22.451Z"}
{"level":"info","message":"Starting Daily ROI Cron","timestamp":"2026-06-21T13:39:00.031Z"}
{"level":"warn","message":"ROI Cron Already Executed","timestamp":"2026-06-21T13:39:00.039Z"}
{"level":"info","message":"Starting Daily ROI Cron","timestamp":"2026-06-21T13:40:00.015Z"}
{"level":"warn","message":"ROI Cron Already Executed","timestamp":"2026-06-21T13:40:00.018Z"}
{"level":"info","message":"MongoDB Connected","timestamp":"2026-06-21T13:40:36.288Z"}
{"level":"info","message":"Starting Daily ROI Cron","timestamp":"2026-06-21T13:41:00.027Z"}
{"level":"warn","message":"ROI Cron Already Executed","timestamp":"2026-06-21T13:41:00.030Z"}
{"level":"info","message":"Starting Daily ROI Cron","timestamp":"2026-06-21T13:42:00.016Z"}
{"level":"warn","message":"ROI Cron Already Executed","timestamp":"2026-06-21T13:42:00.018Z"}
{"level":"info","message":"Starting Daily ROI Cron","timestamp":"2026-06-21T13:43:00.031Z"}
{"level":"warn","message":"ROI Cron Already Executed","timestamp":"2026-06-21T13:43:00.033Z"}
{"level":"info","message":"Starting Daily ROI Cron","timestamp":"2026-06-21T13:44:00.020Z"}
{"level":"warn","message":"ROI Cron Already Executed","timestamp":"2026-06-21T13:44:00.022Z"}
{"level":"info","message":"Starting Daily ROI Cron","timestamp":"2026-06-21T13:45:00.027Z"}
{"level":"warn","message":"ROI Cron Already Executed","timestamp":"2026-06-21T13:45:00.029Z"}
{"level":"info","message":"Starting Daily ROI Cron","timestamp":"2026-06-21T13:46:00.037Z"}
{"level":"warn","message":"ROI Cron Already Executed","timestamp":"2026-06-21T13:46:00.043Z"}
{"level":"info","message":"Starting Daily ROI Cron","timestamp":"2026-06-21T13:47:00.031Z"}
{"level":"warn","message":"ROI Cron Already Executed","timestamp":"2026-06-21T13:47:00.033Z"}
{"level":"info","message":"Starting Daily ROI Cron","timestamp":"2026-06-21T13:48:00.026Z"}
{"level":"warn","message":"ROI Cron Already Executed","timestamp":"2026-06-21T13:48:00.028Z"}
{"level":"info","message":"MongoDB Connected","timestamp":"2026-06-21T13:49:00.953Z"}
{"level":"info","message":"MongoDB Connected","timestamp":"2026-06-21T13:49:32.709Z"}
{"level":"info","message":"Starting Daily ROI Cron","timestamp":"2026-06-21T13:50:00.045Z"}
{"level":"warn","message":"ROI Cron Already Executed","timestamp":"2026-06-21T13:50:00.066Z"}
{"level":"info","message":"Starting Daily ROI Cron","timestamp":"2026-06-21T13:51:00.023Z"}
{"level":"warn","message":"ROI Cron Already Executed","timestamp":"2026-06-21T13:51:00.026Z"}
{"level":"info","message":"Starting Daily ROI Cron","timestamp":"2026-06-21T13:52:00.030Z"}
{"level":"warn","message":"ROI Cron Already Executed","timestamp":"2026-06-21T13:52:00.032Z"}
{"level":"info","message":"Starting Daily ROI Cron","timestamp":"2026-06-21T13:53:00.026Z"}
{"level":"warn","message":"ROI Cron Already Executed","timestamp":"2026-06-21T13:53:00.028Z"}
{"level":"info","message":"Starting Daily ROI Cron","timestamp":"2026-06-21T13:54:00.020Z"}
{"level":"warn","message":"ROI Cron Already Executed","timestamp":"2026-06-21T13:54:00.022Z"}
{"level":"info","message":"Starting Daily ROI Cron","timestamp":"2026-06-21T13:55:00.020Z"}
{"level":"warn","message":"ROI Cron Already Executed","timestamp":"2026-06-21T13:55:00.023Z"}
{"level":"info","message":"Starting Daily ROI Cron","timestamp":"2026-06-21T13:56:00.008Z"}
{"level":"warn","message":"ROI Cron Already Executed","timestamp":"2026-06-21T13:56:00.012Z"}
{"level":"info","message":"Starting Daily ROI Cron","timestamp":"2026-06-21T13:57:00.027Z"}
{"level":"warn","message":"ROI Cron Already Executed","timestamp":"2026-06-21T13:57:00.030Z"}
{"level":"info","message":"Starting Daily ROI Cron","timestamp":"2026-06-21T13:58:00.022Z"}
{"level":"warn","message":"ROI Cron Already Executed","timestamp":"2026-06-21T13:58:00.025Z"}
{"level":"info","message":"Starting Daily ROI Cron","timestamp":"2026-06-21T13:59:00.027Z"}
{"level":"warn","message":"ROI Cron Already Executed","timestamp":"2026-06-21T13:59:00.036Z"}
{"level":"info","message":"Starting Daily ROI Cron","timestamp":"2026-06-21T14:00:00.019Z"}
{"level":"warn","message":"ROI Cron Already Executed","timestamp":"2026-06-21T14:00:00.021Z"}
{"level":"info","message":"Starting Daily ROI Cron","timestamp":"2026-06-21T14:01:00.018Z"}
{"level":"warn","message":"ROI Cron Already Executed","timestamp":"2026-06-21T14:01:00.020Z"}
{"level":"info","message":"Starting Daily ROI Cron","timestamp":"2026-06-21T14:02:00.016Z"}
{"level":"warn","message":"ROI Cron Already Executed","timestamp":"2026-06-21T14:02:00.018Z"}
{"level":"info","message":"Starting Daily ROI Cron","timestamp":"2026-06-21T14:03:00.021Z"}
{"level":"warn","message":"ROI Cron Already Executed","timestamp":"2026-06-21T14:03:00.023Z"}
{"level":"info","message":"MongoDB Connected","timestamp":"2026-06-21T14:03:42.931Z"}
{"level":"info","message":"MongoDB Connected","timestamp":"2026-06-21T14:04:13.990Z"}
{"level":"info","message":"Starting Daily ROI Cron","timestamp":"2026-06-21T14:05:00.018Z"}
{"level":"warn","message":"ROI Cron Already Executed","timestamp":"2026-06-21T14:05:00.020Z"}
{"level":"info","message":"Starting Daily ROI Cron","timestamp":"2026-06-21T14:06:00.021Z"}
{"level":"warn","message":"ROI Cron Already Executed","timestamp":"2026-06-21T14:06:00.023Z"}
{"level":"info","message":"Starting Daily ROI Cron","timestamp":"2026-06-21T14:07:00.030Z"}
{"level":"warn","message":"ROI Cron Already Executed","timestamp":"2026-06-21T14:07:00.032Z"}
{"level":"info","message":"Starting Daily ROI Cron","timestamp":"2026-06-21T14:08:00.024Z"}
{"level":"warn","message":"ROI Cron Already Executed","timestamp":"2026-06-21T14:08:00.026Z"}
{"level":"info","message":"Starting Daily ROI Cron","timestamp":"2026-06-21T14:09:00.029Z"}
{"level":"warn","message":"ROI Cron Already Executed","timestamp":"2026-06-21T14:09:00.031Z"}
{"level":"info","message":"Starting Daily ROI Cron","timestamp":"2026-06-21T14:10:00.020Z"}
{"level":"warn","message":"ROI Cron Already Executed","timestamp":"2026-06-21T14:10:00.023Z"}
{"level":"info","message":"Starting Daily ROI Cron","timestamp":"2026-06-21T14:11:00.019Z"}
{"level":"warn","message":"ROI Cron Already Executed","timestamp":"2026-06-21T14:11:00.023Z"}
{"level":"info","message":"Starting Daily ROI Cron","timestamp":"2026-06-21T14:12:00.011Z"}
{"level":"warn","message":"ROI Cron Already Executed","timestamp":"2026-06-21T14:12:00.014Z"}
{"level":"info","message":"Starting Daily ROI Cron","timestamp":"2026-06-21T14:13:00.019Z"}
{"level":"warn","message":"ROI Cron Already Executed","timestamp":"2026-06-21T14:13:00.021Z"}
{"level":"info","message":"Starting Daily ROI Cron","timestamp":"2026-06-21T14:14:00.024Z"}
{"level":"warn","message":"ROI Cron Already Executed","timestamp":"2026-06-21T14:14:00.026Z"}
{"level":"info","message":"Starting Daily ROI Cron","timestamp":"2026-06-21T14:15:00.042Z"}
{"level":"warn","message":"ROI Cron Already Executed","timestamp":"2026-06-21T14:15:00.047Z"}
{"level":"info","message":"MongoDB Connected","timestamp":"2026-06-21T14:16:01.028Z"}
{"level":"info","message":"MongoDB Connected","timestamp":"2026-06-21T14:16:36.736Z"}
{"level":"info","message":"Starting Daily ROI Cron","timestamp":"2026-06-21T14:17:00.016Z"}
{"level":"warn","message":"ROI Cron Already Executed","timestamp":"2026-06-21T14:17:00.023Z"}
{"level":"info","message":"Starting Daily ROI Cron","timestamp":"2026-06-21T14:18:00.026Z"}
{"level":"warn","message":"ROI Cron Already Executed","timestamp":"2026-06-21T14:18:00.028Z"}
{"level":"info","message":"Starting Daily ROI Cron","timestamp":"2026-06-21T14:19:00.016Z"}
{"level":"warn","message":"ROI Cron Already Executed","timestamp":"2026-06-21T14:19:00.019Z"}
{"level":"info","message":"Starting Daily ROI Cron","timestamp":"2026-06-21T14:20:00.020Z"}
{"level":"warn","message":"ROI Cron Already Executed","timestamp":"2026-06-21T14:20:00.022Z"}
{"level":"info","message":"Starting Daily ROI Cron","timestamp":"2026-06-21T14:21:00.027Z"}
{"level":"warn","message":"ROI Cron Already Executed","timestamp":"2026-06-21T14:21:00.029Z"}
{"level":"info","message":"Starting Daily ROI Cron","timestamp":"2026-06-21T14:22:00.026Z"}
{"level":"warn","message":"ROI Cron Already Executed","timestamp":"2026-06-21T14:22:00.029Z"}
{"level":"info","message":"Starting Daily ROI Cron","timestamp":"2026-06-21T14:23:00.011Z"}
{"level":"warn","message":"ROI Cron Already Executed","timestamp":"2026-06-21T14:23:00.014Z"}
{"level":"info","message":"Starting Daily ROI Cron","timestamp":"2026-06-21T14:24:00.030Z"}
{"level":"warn","message":"ROI Cron Already Executed","timestamp":"2026-06-21T14:24:00.033Z"}
{"level":"info","message":"Starting Daily ROI Cron","timestamp":"2026-06-21T14:25:00.032Z"}
{"level":"warn","message":"ROI Cron Already Executed","timestamp":"2026-06-21T14:25:00.034Z"}
{"level":"info","message":"Starting Daily ROI Cron","timestamp":"2026-06-21T14:26:00.022Z"}
{"level":"warn","message":"ROI Cron Already Executed","timestamp":"2026-06-21T14:26:00.024Z"}
{"level":"info","message":"Starting Daily ROI Cron","timestamp":"2026-06-21T14:27:00.019Z"}
{"level":"warn","message":"ROI Cron Already Executed","timestamp":"2026-06-21T14:27:00.021Z"}
{"level":"info","message":"Starting Daily ROI Cron","timestamp":"2026-06-21T14:28:00.023Z"}
{"level":"warn","message":"ROI Cron Already Executed","timestamp":"2026-06-21T14:28:00.026Z"}
{"level":"info","message":"Starting Daily ROI Cron","timestamp":"2026-06-21T14:29:00.021Z"}
{"level":"warn","message":"ROI Cron Already Executed","timestamp":"2026-06-21T14:29:00.023Z"}
{"level":"info","message":"Starting Daily ROI Cron","timestamp":"2026-06-21T14:30:00.021Z"}
{"level":"warn","message":"ROI Cron Already Executed","timestamp":"2026-06-21T14:30:00.024Z"}
{"level":"info","message":"Starting Daily ROI Cron","timestamp":"2026-06-21T14:31:00.021Z"}
{"level":"warn","message":"ROI Cron Already Executed","timestamp":"2026-06-21T14:31:00.024Z"}
{"level":"info","message":"Starting Daily ROI Cron","timestamp":"2026-06-21T14:32:00.018Z"}
{"level":"warn","message":"ROI Cron Already Executed","timestamp":"2026-06-21T14:32:00.021Z"}
{"level":"info","message":"Starting Daily ROI Cron","timestamp":"2026-06-21T14:33:00.023Z"}
{"level":"warn","message":"ROI Cron Already Executed","timestamp":"2026-06-21T14:33:00.026Z"}
{"level":"info","message":"Starting Daily ROI Cron","timestamp":"2026-06-21T14:34:00.017Z"}
{"level":"warn","message":"ROI Cron Already Executed","timestamp":"2026-06-21T14:34:00.023Z"}
{"level":"info","message":"Starting Daily ROI Cron","timestamp":"2026-06-21T14:35:00.017Z"}
{"level":"warn","message":"ROI Cron Already Executed","timestamp":"2026-06-21T14:35:00.019Z"}
{"level":"info","message":"Starting Daily ROI Cron","timestamp":"2026-06-21T14:36:00.024Z"}
{"level":"warn","message":"ROI Cron Already Executed","timestamp":"2026-06-21T14:36:00.026Z"}
{"level":"info","message":"Starting Daily ROI Cron","timestamp":"2026-06-21T14:37:00.033Z"}
{"level":"warn","message":"ROI Cron Already Executed","timestamp":"2026-06-21T14:37:00.036Z"}
{"level":"info","message":"Starting Daily ROI Cron","timestamp":"2026-06-21T14:38:00.026Z"}
{"level":"warn","message":"ROI Cron Already Executed","timestamp":"2026-06-21T14:38:00.029Z"}
{"level":"info","message":"Starting Daily ROI Cron","timestamp":"2026-06-21T14:39:00.025Z"}
{"level":"warn","message":"ROI Cron Already Executed","timestamp":"2026-06-21T14:39:00.028Z"}
{"level":"info","message":"Starting Daily ROI Cron","timestamp":"2026-06-21T14:40:00.025Z"}
{"level":"warn","message":"ROI Cron Already Executed","timestamp":"2026-06-21T14:40:00.027Z"}
{"level":"info","message":"Starting Daily ROI Cron","timestamp":"2026-06-21T14:41:00.031Z"}
{"level":"warn","message":"ROI Cron Already Executed","timestamp":"2026-06-21T14:41:00.034Z"}
{"level":"info","message":"Starting Daily ROI Cron","timestamp":"2026-06-21T14:42:00.017Z"}
{"level":"warn","message":"ROI Cron Already Executed","timestamp":"2026-06-21T14:42:00.019Z"}
{"level":"info","message":"Starting Daily ROI Cron","timestamp":"2026-06-21T14:43:00.024Z"}
{"level":"warn","message":"ROI Cron Already Executed","timestamp":"2026-06-21T14:43:00.026Z"}
{"level":"info","message":"Starting Daily ROI Cron","timestamp":"2026-06-21T14:44:00.027Z"}
{"level":"warn","message":"ROI Cron Already Executed","timestamp":"2026-06-21T14:44:00.030Z"}
{"level":"info","message":"Starting Daily ROI Cron","timestamp":"2026-06-21T14:45:00.030Z"}
{"level":"warn","message":"ROI Cron Already Executed","timestamp":"2026-06-21T14:45:00.032Z"}
{"level":"info","message":"Starting Daily ROI Cron","timestamp":"2026-06-21T14:46:00.031Z"}
{"level":"warn","message":"ROI Cron Already Executed","timestamp":"2026-06-21T14:46:00.033Z"}
{"level":"info","message":"Starting Daily ROI Cron","timestamp":"2026-06-21T14:47:00.024Z"}
{"level":"warn","message":"ROI Cron Already Executed","timestamp":"2026-06-21T14:47:00.379Z"}
{"level":"info","message":"Starting Daily ROI Cron","timestamp":"2026-06-21T14:48:00.015Z"}
{"level":"warn","message":"ROI Cron Already Executed","timestamp":"2026-06-21T14:48:00.019Z"}
{"level":"info","message":"Starting Daily ROI Cron","timestamp":"2026-06-21T14:49:00.030Z"}
{"level":"warn","message":"ROI Cron Already Executed","timestamp":"2026-06-21T14:49:00.032Z"}
{"level":"info","message":"Starting Daily ROI Cron","timestamp":"2026-06-21T14:58:00.026Z"}
{"level":"warn","message":"ROI Cron Already Executed","timestamp":"2026-06-21T14:58:00.028Z"}
{"level":"info","message":"Starting Daily ROI Cron","timestamp":"2026-06-21T14:59:00.031Z"}
{"level":"warn","message":"ROI Cron Already Executed","timestamp":"2026-06-21T14:59:00.033Z"}
{"level":"info","message":"Starting Daily ROI Cron","timestamp":"2026-06-21T15:00:00.022Z"}
{"level":"warn","message":"ROI Cron Already Executed","timestamp":"2026-06-21T15:00:00.024Z"}
{"level":"info","message":"Starting Daily ROI Cron","timestamp":"2026-06-21T15:01:00.019Z"}
{"level":"warn","message":"ROI Cron Already Executed","timestamp":"2026-06-21T15:01:00.021Z"}
{"level":"info","message":"Starting Daily ROI Cron","timestamp":"2026-06-21T15:02:00.020Z"}
{"level":"warn","message":"ROI Cron Already Executed","timestamp":"2026-06-21T15:02:00.023Z"}
{"level":"info","message":"Starting Daily ROI Cron","timestamp":"2026-06-21T15:03:00.027Z"}
{"level":"warn","message":"ROI Cron Already Executed","timestamp":"2026-06-21T15:03:00.031Z"}
{"level":"info","message":"Starting Daily ROI Cron","timestamp":"2026-06-21T15:04:00.020Z"}
{"level":"warn","message":"ROI Cron Already Executed","timestamp":"2026-06-21T15:04:00.022Z"}
{"level":"info","message":"Starting Daily ROI Cron","timestamp":"2026-06-21T15:05:00.030Z"}
{"level":"warn","message":"ROI Cron Already Executed","timestamp":"2026-06-21T15:05:00.034Z"}
{"level":"info","message":"Starting Daily ROI Cron","timestamp":"2026-06-21T15:06:00.027Z"}
{"level":"warn","message":"ROI Cron Already Executed","timestamp":"2026-06-21T15:06:00.029Z"}
{"level":"info","message":"Starting Daily ROI Cron","timestamp":"2026-06-21T15:07:00.019Z"}
{"level":"warn","message":"ROI Cron Already Executed","timestamp":"2026-06-21T15:07:00.021Z"}
{"level":"info","message":"Starting Daily ROI Cron","timestamp":"2026-06-21T15:08:00.027Z"}
{"level":"warn","message":"ROI Cron Already Executed","timestamp":"2026-06-21T15:08:00.031Z"}
{"level":"info","message":"Starting Daily ROI Cron","timestamp":"2026-06-21T15:09:00.021Z"}
{"level":"warn","message":"ROI Cron Already Executed","timestamp":"2026-06-21T15:09:00.024Z"}
{"level":"info","message":"Starting Daily ROI Cron","timestamp":"2026-06-21T15:10:00.018Z"}
{"level":"warn","message":"ROI Cron Already Executed","timestamp":"2026-06-21T15:10:00.020Z"}
{"level":"info","message":"Starting Daily ROI Cron","timestamp":"2026-06-21T15:11:00.017Z"}
{"level":"warn","message":"ROI Cron Already Executed","timestamp":"2026-06-21T15:11:00.019Z"}
{"level":"info","message":"Starting Daily ROI Cron","timestamp":"2026-06-21T15:12:00.031Z"}
{"level":"warn","message":"ROI Cron Already Executed","timestamp":"2026-06-21T15:12:00.033Z"}
{"level":"info","message":"Starting Daily ROI Cron","timestamp":"2026-06-21T15:13:00.019Z"}
{"level":"warn","message":"ROI Cron Already Executed","timestamp":"2026-06-21T15:13:00.020Z"}
{"level":"info","message":"Starting Daily ROI Cron","timestamp":"2026-06-21T15:14:00.028Z"}
{"level":"warn","message":"ROI Cron Already Executed","timestamp":"2026-06-21T15:14:00.029Z"}
{"level":"info","message":"Starting Daily ROI Cron","timestamp":"2026-06-21T15:15:00.018Z"}
{"level":"warn","message":"ROI Cron Already Executed","timestamp":"2026-06-21T15:15:00.023Z"}
{"level":"info","message":"Starting Daily ROI Cron","timestamp":"2026-06-21T15:16:00.010Z"}
{"level":"warn","message":"ROI Cron Already Executed","timestamp":"2026-06-21T15:16:00.013Z"}
{"level":"info","message":"Starting Daily ROI Cron","timestamp":"2026-06-21T15:17:00.022Z"}
{"level":"warn","message":"ROI Cron Already Executed","timestamp":"2026-06-21T15:17:00.023Z"}
{"level":"info","message":"Starting Daily ROI Cron","timestamp":"2026-06-21T15:18:00.020Z"}
{"level":"warn","message":"ROI Cron Already Executed","timestamp":"2026-06-21T15:18:00.022Z"}
{"level":"info","message":"Starting Daily ROI Cron","timestamp":"2026-06-21T15:19:00.021Z"}
{"level":"warn","message":"ROI Cron Already Executed","timestamp":"2026-06-21T15:19:00.024Z"}
{"level":"info","message":"Starting Daily ROI Cron","timestamp":"2026-06-21T15:20:00.031Z"}
{"level":"warn","message":"ROI Cron Already Executed","timestamp":"2026-06-21T15:20:00.034Z"}
{"level":"info","message":"Starting Daily ROI Cron","timestamp":"2026-06-21T15:21:00.016Z"}
{"level":"warn","message":"ROI Cron Already Executed","timestamp":"2026-06-21T15:21:00.018Z"}
{"level":"info","message":"Starting Daily ROI Cron","timestamp":"2026-06-21T15:22:00.029Z"}
{"level":"warn","message":"ROI Cron Already Executed","timestamp":"2026-06-21T15:22:00.031Z"}
{"level":"info","message":"Starting Daily ROI Cron","timestamp":"2026-06-21T15:23:00.016Z"}
{"level":"warn","message":"ROI Cron Already Executed","timestamp":"2026-06-21T15:23:00.018Z"}
{"level":"info","message":"Starting Daily ROI Cron","timestamp":"2026-06-21T15:24:00.024Z"}
{"level":"warn","message":"ROI Cron Already Executed","timestamp":"2026-06-21T15:24:00.026Z"}
{"level":"info","message":"Starting Daily ROI Cron","timestamp":"2026-06-21T15:25:00.032Z"}
{"level":"warn","message":"ROI Cron Already Executed","timestamp":"2026-06-21T15:25:00.034Z"}
{"level":"info","message":"Starting Daily ROI Cron","timestamp":"2026-06-21T15:26:00.025Z"}
{"level":"warn","message":"ROI Cron Already Executed","timestamp":"2026-06-21T15:26:00.027Z"}
{"level":"info","message":"Starting Daily ROI Cron","timestamp":"2026-06-21T15:27:00.023Z"}
{"level":"warn","message":"ROI Cron Already Executed","timestamp":"2026-06-21T15:27:00.025Z"}
{"level":"info","message":"Starting Daily ROI Cron","timestamp":"2026-06-21T15:28:00.029Z"}
{"level":"warn","message":"ROI Cron Already Executed","timestamp":"2026-06-21T15:28:00.031Z"}
{"level":"info","message":"Starting Daily ROI Cron","timestamp":"2026-06-21T15:29:00.010Z"}
{"level":"warn","message":"ROI Cron Already Executed","timestamp":"2026-06-21T15:29:00.012Z"}
{"level":"info","message":"Starting Daily ROI Cron","timestamp":"2026-06-21T15:30:00.027Z"}
{"level":"warn","message":"ROI Cron Already Executed","timestamp":"2026-06-21T15:30:00.029Z"}
{"level":"info","message":"Starting Daily ROI Cron","timestamp":"2026-06-21T15:31:00.017Z"}
{"level":"warn","message":"ROI Cron Already Executed","timestamp":"2026-06-21T15:31:00.019Z"}
{"level":"info","message":"Starting Daily ROI Cron","timestamp":"2026-06-21T15:32:00.018Z"}
{"level":"warn","message":"ROI Cron Already Executed","timestamp":"2026-06-21T15:32:00.021Z"}
{"level":"info","message":"Starting Daily ROI Cron","timestamp":"2026-06-21T15:33:00.017Z"}
{"level":"warn","message":"ROI Cron Already Executed","timestamp":"2026-06-21T15:33:00.019Z"}
{"level":"info","message":"Starting Daily ROI Cron","timestamp":"2026-06-21T15:34:00.025Z"}
{"level":"warn","message":"ROI Cron Already Executed","timestamp":"2026-06-21T15:34:00.029Z"}
{"level":"info","message":"Starting Daily ROI Cron","timestamp":"2026-06-21T15:35:00.025Z"}
{"level":"warn","message":"ROI Cron Already Executed","timestamp":"2026-06-21T15:35:00.026Z"}
{"level":"info","message":"Starting Daily ROI Cron","timestamp":"2026-06-21T15:36:00.018Z"}
{"level":"warn","message":"ROI Cron Already Executed","timestamp":"2026-06-21T15:36:00.020Z"}
{"level":"info","message":"Starting Daily ROI Cron","timestamp":"2026-06-21T15:37:00.025Z"}
{"level":"warn","message":"ROI Cron Already Executed","timestamp":"2026-06-21T15:37:00.028Z"}
{"level":"info","message":"Starting Daily ROI Cron","timestamp":"2026-06-21T15:38:00.030Z"}
{"level":"warn","message":"ROI Cron Already Executed","timestamp":"2026-06-21T15:38:00.031Z"}
{"level":"info","message":"Starting Daily ROI Cron","timestamp":"2026-06-21T15:39:00.008Z"}
{"level":"warn","message":"ROI Cron Already Executed","timestamp":"2026-06-21T15:39:00.011Z"}
{"level":"info","message":"Starting Daily ROI Cron","timestamp":"2026-06-21T15:40:00.029Z"}
{"level":"warn","message":"ROI Cron Already Executed","timestamp":"2026-06-21T15:40:00.030Z"}
{"level":"info","message":"Starting Daily ROI Cron","timestamp":"2026-06-21T15:41:00.018Z"}
{"level":"warn","message":"ROI Cron Already Executed","timestamp":"2026-06-21T15:41:00.020Z"}
{"level":"info","message":"Starting Daily ROI Cron","timestamp":"2026-06-21T15:42:00.009Z"}
{"level":"warn","message":"ROI Cron Already Executed","timestamp":"2026-06-21T15:42:00.012Z"}
{"level":"info","message":"Starting Daily ROI Cron","timestamp":"2026-06-21T15:43:00.028Z"}
{"level":"warn","message":"ROI Cron Already Executed","timestamp":"2026-06-21T15:43:00.030Z"}
{"level":"info","message":"Starting Daily ROI Cron","timestamp":"2026-06-21T15:44:00.022Z"}
{"level":"warn","message":"ROI Cron Already Executed","timestamp":"2026-06-21T15:44:00.024Z"}
{"level":"info","message":"Starting Daily ROI Cron","timestamp":"2026-06-21T15:45:00.027Z"}
{"level":"warn","message":"ROI Cron Already Executed","timestamp":"2026-06-21T15:45:00.028Z"}
{"level":"info","message":"Starting Daily ROI Cron","timestamp":"2026-06-21T15:46:00.025Z"}
{"level":"warn","message":"ROI Cron Already Executed","timestamp":"2026-06-21T15:46:00.026Z"}
{"level":"info","message":"Starting Daily ROI Cron","timestamp":"2026-06-21T15:47:00.023Z"}
{"level":"warn","message":"ROI Cron Already Executed","timestamp":"2026-06-21T15:47:00.024Z"}
{"level":"info","message":"Starting Daily ROI Cron","timestamp":"2026-06-21T15:48:00.021Z"}
{"level":"warn","message":"ROI Cron Already Executed","timestamp":"2026-06-21T15:48:00.023Z"}
{"level":"info","message":"Starting Daily ROI Cron","timestamp":"2026-06-21T15:49:00.007Z"}
{"level":"warn","message":"ROI Cron Already Executed","timestamp":"2026-06-21T15:49:00.009Z"}
{"level":"info","message":"Starting Daily ROI Cron","timestamp":"2026-06-21T15:50:00.017Z"}
{"level":"warn","message":"ROI Cron Already Executed","timestamp":"2026-06-21T15:50:00.019Z"}
{"level":"info","message":"Starting Daily ROI Cron","timestamp":"2026-06-21T15:51:00.022Z"}
{"level":"warn","message":"ROI Cron Already Executed","timestamp":"2026-06-21T15:51:00.024Z"}
{"level":"info","message":"Starting Daily ROI Cron","timestamp":"2026-06-21T15:52:00.024Z"}
{"level":"warn","message":"ROI Cron Already Executed","timestamp":"2026-06-21T15:52:00.026Z"}
{"level":"info","message":"Starting Daily ROI Cron","timestamp":"2026-06-21T15:53:00.020Z"}
{"level":"warn","message":"ROI Cron Already Executed","timestamp":"2026-06-21T15:53:00.023Z"}
{"level":"info","message":"Starting Daily ROI Cron","timestamp":"2026-06-21T15:54:00.022Z"}
{"level":"warn","message":"ROI Cron Already Executed","timestamp":"2026-06-21T15:54:00.024Z"}
{"level":"info","message":"Starting Daily ROI Cron","timestamp":"2026-06-21T15:55:00.026Z"}
{"level":"warn","message":"ROI Cron Already Executed","timestamp":"2026-06-21T15:55:00.027Z"}
{"level":"info","message":"Starting Daily ROI Cron","timestamp":"2026-06-21T15:56:00.028Z"}
{"level":"warn","message":"ROI Cron Already Executed","timestamp":"2026-06-21T15:56:00.029Z"}
{"level":"info","message":"Starting Daily ROI Cron","timestamp":"2026-06-21T15:57:00.017Z"}
{"level":"warn","message":"ROI Cron Already Executed","timestamp":"2026-06-21T15:57:00.019Z"}
{"level":"info","message":"Starting Daily ROI Cron","timestamp":"2026-06-21T15:58:00.027Z"}
{"level":"warn","message":"ROI Cron Already Executed","timestamp":"2026-06-21T15:58:00.029Z"}
{"level":"info","message":"Starting Daily ROI Cron","timestamp":"2026-06-21T15:59:00.021Z"}
{"level":"warn","message":"ROI Cron Already Executed","timestamp":"2026-06-21T15:59:00.023Z"}
{"level":"info","message":"Starting Daily ROI Cron","timestamp":"2026-06-21T16:00:00.029Z"}
{"level":"warn","message":"ROI Cron Already Executed","timestamp":"2026-06-21T16:00:00.031Z"}
{"level":"info","message":"Starting Daily ROI Cron","timestamp":"2026-06-21T16:01:00.019Z"}
{"level":"warn","message":"ROI Cron Already Executed","timestamp":"2026-06-21T16:01:00.021Z"}
{"level":"info","message":"Starting Daily ROI Cron","timestamp":"2026-06-21T16:02:00.030Z"}
{"level":"warn","message":"ROI Cron Already Executed","timestamp":"2026-06-21T16:02:00.032Z"}
{"level":"info","message":"Starting Daily ROI Cron","timestamp":"2026-06-21T16:03:00.025Z"}
{"level":"warn","message":"ROI Cron Already Executed","timestamp":"2026-06-21T16:03:00.027Z"}
{"level":"info","message":"Starting Daily ROI Cron","timestamp":"2026-06-21T16:04:00.016Z"}
{"level":"warn","message":"ROI Cron Already Executed","timestamp":"2026-06-21T16:04:00.019Z"}
{"level":"info","message":"Starting Daily ROI Cron","timestamp":"2026-06-21T16:05:00.022Z"}
{"level":"warn","message":"ROI Cron Already Executed","timestamp":"2026-06-21T16:05:00.024Z"}
{"level":"info","message":"Starting Daily ROI Cron","timestamp":"2026-06-21T16:06:00.031Z"}
{"level":"warn","message":"ROI Cron Already Executed","timestamp":"2026-06-21T16:06:00.033Z"}
{"level":"info","message":"Starting Daily ROI Cron","timestamp":"2026-06-21T16:07:00.028Z"}
{"level":"warn","message":"ROI Cron Already Executed","timestamp":"2026-06-21T16:07:00.030Z"}
{"level":"info","message":"Starting Daily ROI Cron","timestamp":"2026-06-21T16:08:00.025Z"}
{"level":"warn","message":"ROI Cron Already Executed","timestamp":"2026-06-21T16:08:00.027Z"}
{"level":"info","message":"Starting Daily ROI Cron","timestamp":"2026-06-21T16:09:00.024Z"}
{"level":"warn","message":"ROI Cron Already Executed","timestamp":"2026-06-21T16:09:00.026Z"}
{"level":"info","message":"Starting Daily ROI Cron","timestamp":"2026-06-21T16:10:00.020Z"}
{"level":"warn","message":"ROI Cron Already Executed","timestamp":"2026-06-21T16:10:00.023Z"}
{"level":"info","message":"Starting Daily ROI Cron","timestamp":"2026-06-21T16:11:00.021Z"}
{"level":"warn","message":"ROI Cron Already Executed","timestamp":"2026-06-21T16:11:00.022Z"}
{"level":"info","message":"Starting Daily ROI Cron","timestamp":"2026-06-21T16:12:00.025Z"}
{"level":"warn","message":"ROI Cron Already Executed","timestamp":"2026-06-21T16:12:00.027Z"}
{"level":"info","message":"Starting Daily ROI Cron","timestamp":"2026-06-21T16:13:00.020Z"}
{"level":"warn","message":"ROI Cron Already Executed","timestamp":"2026-06-21T16:13:00.022Z"}
{"level":"info","message":"Starting Daily ROI Cron","timestamp":"2026-06-21T16:14:00.018Z"}
{"level":"warn","message":"ROI Cron Already Executed","timestamp":"2026-06-21T16:14:00.019Z"}
{"level":"info","message":"Starting Daily ROI Cron","timestamp":"2026-06-21T16:15:00.019Z"}
{"level":"warn","message":"ROI Cron Already Executed","timestamp":"2026-06-21T16:15:00.021Z"}
{"level":"info","message":"Starting Daily ROI Cron","timestamp":"2026-06-21T16:16:00.019Z"}
{"level":"warn","message":"ROI Cron Already Executed","timestamp":"2026-06-21T16:16:00.020Z"}
{"level":"info","message":"Starting Daily ROI Cron","timestamp":"2026-06-21T16:17:00.006Z"}
{"level":"warn","message":"ROI Cron Already Executed","timestamp":"2026-06-21T16:17:00.010Z"}
{"level":"info","message":"Starting Daily ROI Cron","timestamp":"2026-06-21T16:18:00.027Z"}
{"level":"warn","message":"ROI Cron Already Executed","timestamp":"2026-06-21T16:18:00.029Z"}
{"level":"info","message":"Starting Daily ROI Cron","timestamp":"2026-06-21T16:19:00.026Z"}
{"level":"warn","message":"ROI Cron Already Executed","timestamp":"2026-06-21T16:19:00.030Z"}
{"level":"info","message":"Starting Daily ROI Cron","timestamp":"2026-06-21T16:20:00.025Z"}
{"level":"warn","message":"ROI Cron Already Executed","timestamp":"2026-06-21T16:20:00.027Z"}
{"level":"info","message":"Starting Daily ROI Cron","timestamp":"2026-06-21T16:21:00.029Z"}
{"level":"warn","message":"ROI Cron Already Executed","timestamp":"2026-06-21T16:21:00.032Z"}
{"level":"info","message":"Starting Daily ROI Cron","timestamp":"2026-06-21T16:22:00.022Z"}
{"level":"warn","message":"ROI Cron Already Executed","timestamp":"2026-06-21T16:22:00.023Z"}
{"level":"info","message":"Starting Daily ROI Cron","timestamp":"2026-06-21T16:23:00.017Z"}
{"level":"warn","message":"ROI Cron Already Executed","timestamp":"2026-06-21T16:23:00.019Z"}
{"level":"info","message":"Starting Daily ROI Cron","timestamp":"2026-06-21T16:24:00.025Z"}
{"level":"warn","message":"ROI Cron Already Executed","timestamp":"2026-06-21T16:24:00.027Z"}
{"level":"info","message":"Starting Daily ROI Cron","timestamp":"2026-06-21T16:25:00.008Z"}
{"level":"warn","message":"ROI Cron Already Executed","timestamp":"2026-06-21T16:25:00.010Z"}
{"level":"info","message":"Starting Daily ROI Cron","timestamp":"2026-06-21T16:26:00.029Z"}
{"level":"warn","message":"ROI Cron Already Executed","timestamp":"2026-06-21T16:26:00.031Z"}
{"level":"info","message":"Starting Daily ROI Cron","timestamp":"2026-06-21T16:27:00.020Z"}
{"level":"warn","message":"ROI Cron Already Executed","timestamp":"2026-06-21T16:27:00.021Z"}
{"level":"info","message":"Starting Daily ROI Cron","timestamp":"2026-06-21T16:28:00.028Z"}
{"level":"warn","message":"ROI Cron Already Executed","timestamp":"2026-06-21T16:28:00.029Z"}
{"level":"info","message":"Starting Daily ROI Cron","timestamp":"2026-06-21T16:29:00.011Z"}
{"level":"warn","message":"ROI Cron Already Executed","timestamp":"2026-06-21T16:29:00.014Z"}
{"level":"info","message":"Starting Daily ROI Cron","timestamp":"2026-06-21T16:30:00.027Z"}
{"level":"warn","message":"ROI Cron Already Executed","timestamp":"2026-06-21T16:30:00.029Z"}
{"level":"info","message":"Starting Daily ROI Cron","timestamp":"2026-06-21T16:31:00.024Z"}
{"level":"warn","message":"ROI Cron Already Executed","timestamp":"2026-06-21T16:31:00.026Z"}
{"level":"info","message":"Starting Daily ROI Cron","timestamp":"2026-06-21T16:32:00.020Z"}
{"level":"warn","message":"ROI Cron Already Executed","timestamp":"2026-06-21T16:32:00.022Z"}
{"level":"info","message":"Starting Daily ROI Cron","timestamp":"2026-06-21T16:33:00.021Z"}
{"level":"warn","message":"ROI Cron Already Executed","timestamp":"2026-06-21T16:33:00.023Z"}
{"level":"info","message":"Starting Daily ROI Cron","timestamp":"2026-06-21T16:34:00.030Z"}
{"level":"warn","message":"ROI Cron Already Executed","timestamp":"2026-06-21T16:34:00.032Z"}
{"level":"info","message":"Starting Daily ROI Cron","timestamp":"2026-06-21T16:35:00.028Z"}
{"level":"warn","message":"ROI Cron Already Executed","timestamp":"2026-06-21T16:35:00.030Z"}
{"level":"info","message":"Starting Daily ROI Cron","timestamp":"2026-06-21T16:36:00.020Z"}
{"level":"warn","message":"ROI Cron Already Executed","timestamp":"2026-06-21T16:36:00.022Z"}
{"level":"info","message":"Starting Daily ROI Cron","timestamp":"2026-06-21T16:37:00.022Z"}
{"level":"warn","message":"ROI Cron Already Executed","timestamp":"2026-06-21T16:37:00.024Z"}
{"level":"info","message":"Starting Daily ROI Cron","timestamp":"2026-06-21T16:38:00.018Z"}
{"level":"warn","message":"ROI Cron Already Executed","timestamp":"2026-06-21T16:38:00.021Z"}
{"level":"info","message":"Starting Daily ROI Cron","timestamp":"2026-06-21T16:39:00.030Z"}
{"level":"warn","message":"ROI Cron Already Executed","timestamp":"2026-06-21T16:39:00.032Z"}
{"level":"info","message":"Starting Daily ROI Cron","timestamp":"2026-06-21T16:40:00.030Z"}
{"level":"warn","message":"ROI Cron Already Executed","timestamp":"2026-06-21T16:40:00.032Z"}
{"level":"info","message":"Starting Daily ROI Cron","timestamp":"2026-06-21T16:41:00.025Z"}
{"level":"warn","message":"ROI Cron Already Executed","timestamp":"2026-06-21T16:41:00.027Z"}
{"level":"info","message":"Starting Daily ROI Cron","timestamp":"2026-06-21T16:42:00.024Z"}
{"level":"warn","message":"ROI Cron Already Executed","timestamp":"2026-06-21T16:42:00.026Z"}
{"level":"info","message":"Starting Daily ROI Cron","timestamp":"2026-06-21T16:43:00.017Z"}
{"level":"warn","message":"ROI Cron Already Executed","timestamp":"2026-06-21T16:43:00.020Z"}
{"level":"info","message":"Starting Daily ROI Cron","timestamp":"2026-06-21T16:44:00.018Z"}
{"level":"warn","message":"ROI Cron Already Executed","timestamp":"2026-06-21T16:44:00.020Z"}
{"level":"info","message":"Starting Daily ROI Cron","timestamp":"2026-06-21T16:45:00.017Z"}
{"level":"warn","message":"ROI Cron Already Executed","timestamp":"2026-06-21T16:45:00.019Z"}
{"level":"info","message":"Starting Daily ROI Cron","timestamp":"2026-06-21T16:46:00.025Z"}
{"level":"warn","message":"ROI Cron Already Executed","timestamp":"2026-06-21T16:46:00.028Z"}
{"level":"info","message":"Starting Daily ROI Cron","timestamp":"2026-06-21T16:47:00.021Z"}
{"level":"warn","message":"ROI Cron Already Executed","timestamp":"2026-06-21T16:47:00.023Z"}
{"level":"info","message":"Starting Daily ROI Cron","timestamp":"2026-06-21T16:48:00.016Z"}
{"level":"warn","message":"ROI Cron Already Executed","timestamp":"2026-06-21T16:48:00.018Z"}
{"level":"info","message":"Starting Daily ROI Cron","timestamp":"2026-06-21T16:49:00.027Z"}
{"level":"warn","message":"ROI Cron Already Executed","timestamp":"2026-06-21T16:49:00.028Z"}
{"level":"info","message":"Starting Daily ROI Cron","timestamp":"2026-06-21T16:50:00.030Z"}
{"level":"warn","message":"ROI Cron Already Executed","timestamp":"2026-06-21T16:50:00.032Z"}
{"level":"info","message":"Starting Daily ROI Cron","timestamp":"2026-06-21T16:51:00.020Z"}
{"level":"warn","message":"ROI Cron Already Executed","timestamp":"2026-06-21T16:51:00.021Z"}
{"level":"info","message":"Starting Daily ROI Cron","timestamp":"2026-06-21T16:52:00.031Z"}
{"level":"warn","message":"ROI Cron Already Executed","timestamp":"2026-06-21T16:52:00.032Z"}
{"level":"info","message":"Starting Daily ROI Cron","timestamp":"2026-06-21T16:53:00.017Z"}
{"level":"warn","message":"ROI Cron Already Executed","timestamp":"2026-06-21T16:53:00.019Z"}
{"level":"info","message":"Starting Daily ROI Cron","timestamp":"2026-06-21T16:54:00.010Z"}
{"level":"warn","message":"ROI Cron Already Executed","timestamp":"2026-06-21T16:54:00.012Z"}
{"level":"info","message":"Starting Daily ROI Cron","timestamp":"2026-06-21T16:55:00.017Z"}
{"level":"warn","message":"ROI Cron Already Executed","timestamp":"2026-06-21T16:55:00.019Z"}
{"level":"info","message":"Starting Daily ROI Cron","timestamp":"2026-06-21T16:56:00.020Z"}
{"level":"warn","message":"ROI Cron Already Executed","timestamp":"2026-06-21T16:56:00.022Z"}
{"level":"info","message":"Starting Daily ROI Cron","timestamp":"2026-06-21T16:57:00.021Z"}
{"level":"warn","message":"ROI Cron Already Executed","timestamp":"2026-06-21T16:57:00.023Z"}
{"level":"info","message":"Starting Daily ROI Cron","timestamp":"2026-06-21T16:58:00.029Z"}
{"level":"warn","message":"ROI Cron Already Executed","timestamp":"2026-06-21T16:58:00.030Z"}
{"level":"info","message":"Starting Daily ROI Cron","timestamp":"2026-06-21T16:59:00.021Z"}
{"level":"warn","message":"ROI Cron Already Executed","timestamp":"2026-06-21T16:59:00.023Z"}
{"level":"info","message":"Starting Daily ROI Cron","timestamp":"2026-06-21T17:00:00.026Z"}
{"level":"warn","message":"ROI Cron Already Executed","timestamp":"2026-06-21T17:00:00.027Z"}
{"level":"info","message":"Starting Daily ROI Cron","timestamp":"2026-06-21T17:01:00.025Z"}
{"level":"warn","message":"ROI Cron Already Executed","timestamp":"2026-06-21T17:01:00.026Z"}
{"level":"info","message":"Starting Daily ROI Cron","timestamp":"2026-06-21T17:02:00.021Z"}
{"level":"warn","message":"ROI Cron Already Executed","timestamp":"2026-06-21T17:02:00.022Z"}
{"level":"info","message":"Starting Daily ROI Cron","timestamp":"2026-06-21T17:03:00.027Z"}
{"level":"warn","message":"ROI Cron Already Executed","timestamp":"2026-06-21T17:03:00.029Z"}
{"level":"info","message":"Starting Daily ROI Cron","timestamp":"2026-06-21T17:04:00.022Z"}
{"level":"warn","message":"ROI Cron Already Executed","timestamp":"2026-06-21T17:04:00.024Z"}
{"level":"info","message":"Starting Daily ROI Cron","timestamp":"2026-06-21T17:05:00.026Z"}
{"level":"warn","message":"ROI Cron Already Executed","timestamp":"2026-06-21T17:05:00.028Z"}
{"level":"info","message":"Starting Daily ROI Cron","timestamp":"2026-06-21T17:06:00.026Z"}
{"level":"warn","message":"ROI Cron Already Executed","timestamp":"2026-06-21T17:06:00.028Z"}
{"level":"info","message":"Starting Daily ROI Cron","timestamp":"2026-06-21T17:07:00.020Z"}
{"level":"warn","message":"ROI Cron Already Executed","timestamp":"2026-06-21T17:07:00.022Z"}
{"level":"info","message":"Starting Daily ROI Cron","timestamp":"2026-06-21T17:08:00.014Z"}
{"level":"warn","message":"ROI Cron Already Executed","timestamp":"2026-06-21T17:08:00.016Z"}
{"level":"info","message":"Starting Daily ROI Cron","timestamp":"2026-06-21T17:09:00.018Z"}
{"level":"warn","message":"ROI Cron Already Executed","timestamp":"2026-06-21T17:09:00.020Z"}
{"level":"info","message":"Starting Daily ROI Cron","timestamp":"2026-06-21T17:10:00.028Z"}
{"level":"warn","message":"ROI Cron Already Executed","timestamp":"2026-06-21T17:10:00.030Z"}
{"level":"info","message":"Starting Daily ROI Cron","timestamp":"2026-06-21T17:11:00.025Z"}
{"level":"warn","message":"ROI Cron Already Executed","timestamp":"2026-06-21T17:11:00.027Z"}
{"level":"info","message":"Starting Daily ROI Cron","timestamp":"2026-06-21T17:12:00.023Z"}
{"level":"warn","message":"ROI Cron Already Executed","timestamp":"2026-06-21T17:12:00.024Z"}
{"level":"info","message":"Starting Daily ROI Cron","timestamp":"2026-06-21T17:13:00.025Z"}
{"level":"warn","message":"ROI Cron Already Executed","timestamp":"2026-06-21T17:13:00.027Z"}
{"level":"info","message":"Starting Daily ROI Cron","timestamp":"2026-06-21T17:14:00.018Z"}
{"level":"warn","message":"ROI Cron Already Executed","timestamp":"2026-06-21T17:14:00.020Z"}
{"level":"info","message":"Starting Daily ROI Cron","timestamp":"2026-06-21T17:15:00.007Z"}
{"level":"warn","message":"ROI Cron Already Executed","timestamp":"2026-06-21T17:15:00.009Z"}
{"level":"info","message":"Starting Daily ROI Cron","timestamp":"2026-06-21T17:16:00.027Z"}
{"level":"warn","message":"ROI Cron Already Executed","timestamp":"2026-06-21T17:16:00.029Z"}
{"level":"info","message":"Starting Daily ROI Cron","timestamp":"2026-06-21T17:17:00.022Z"}
{"level":"warn","message":"ROI Cron Already Executed","timestamp":"2026-06-21T17:17:00.024Z"}
{"level":"info","message":"Starting Daily ROI Cron","timestamp":"2026-06-21T17:18:00.019Z"}
{"level":"warn","message":"ROI Cron Already Executed","timestamp":"2026-06-21T17:18:00.021Z"}
{"level":"info","message":"Starting Daily ROI Cron","timestamp":"2026-06-21T17:19:00.026Z"}
{"level":"warn","message":"ROI Cron Already Executed","timestamp":"2026-06-21T17:19:00.028Z"}
{"level":"info","message":"Starting Daily ROI Cron","timestamp":"2026-06-21T17:20:00.031Z"}
{"level":"warn","message":"ROI Cron Already Executed","timestamp":"2026-06-21T17:20:00.033Z"}
{"level":"info","message":"Starting Daily ROI Cron","timestamp":"2026-06-21T17:21:00.021Z"}
{"level":"warn","message":"ROI Cron Already Executed","timestamp":"2026-06-21T17:21:00.023Z"}
{"level":"info","message":"Starting Daily ROI Cron","timestamp":"2026-06-21T17:22:00.025Z"}
{"level":"warn","message":"ROI Cron Already Executed","timestamp":"2026-06-21T17:22:00.027Z"}
{"level":"info","message":"Starting Daily ROI Cron","timestamp":"2026-06-21T17:23:00.026Z"}
{"level":"warn","message":"ROI Cron Already Executed","timestamp":"2026-06-21T17:23:00.028Z"}
{"level":"info","message":"Starting Daily ROI Cron","timestamp":"2026-06-21T17:24:00.025Z"}
{"level":"warn","message":"ROI Cron Already Executed","timestamp":"2026-06-21T17:24:00.027Z"}
{"level":"info","message":"Starting Daily ROI Cron","timestamp":"2026-06-21T17:25:00.031Z"}
{"level":"warn","message":"ROI Cron Already Executed","timestamp":"2026-06-21T17:25:00.032Z"}
{"level":"info","message":"Starting Daily ROI Cron","timestamp":"2026-06-21T17:26:00.018Z"}
{"level":"warn","message":"ROI Cron Already Executed","timestamp":"2026-06-21T17:26:00.020Z"}
{"level":"info","message":"Starting Daily ROI Cron","timestamp":"2026-06-21T17:27:00.007Z"}
{"level":"warn","message":"ROI Cron Already Executed","timestamp":"2026-06-21T17:27:00.010Z"}
{"level":"info","message":"Starting Daily ROI Cron","timestamp":"2026-06-21T17:28:00.031Z"}
{"level":"warn","message":"ROI Cron Already Executed","timestamp":"2026-06-21T17:28:00.033Z"}
{"level":"info","message":"Starting Daily ROI Cron","timestamp":"2026-06-21T17:29:00.029Z"}
{"level":"warn","message":"ROI Cron Already Executed","timestamp":"2026-06-21T17:29:00.030Z"}
{"level":"info","message":"Starting Daily ROI Cron","timestamp":"2026-06-21T17:30:00.017Z"}
{"level":"warn","message":"ROI Cron Already Executed","timestamp":"2026-06-21T17:30:00.018Z"}
{"level":"info","message":"Starting Daily ROI Cron","timestamp":"2026-06-21T17:31:00.009Z"}
{"level":"warn","message":"ROI Cron Already Executed","timestamp":"2026-06-21T17:31:00.012Z"}
{"level":"info","message":"Starting Daily ROI Cron","timestamp":"2026-06-21T17:32:00.023Z"}
{"level":"warn","message":"ROI Cron Already Executed","timestamp":"2026-06-21T17:32:00.026Z"}
{"level":"info","message":"Starting Daily ROI Cron","timestamp":"2026-06-21T17:33:00.019Z"}
{"level":"warn","message":"ROI Cron Already Executed","timestamp":"2026-06-21T17:33:00.021Z"}
{"level":"info","message":"Starting Daily ROI Cron","timestamp":"2026-06-21T17:34:00.023Z"}
{"level":"warn","message":"ROI Cron Already Executed","timestamp":"2026-06-21T17:34:00.025Z"}
{"level":"info","message":"Starting Daily ROI Cron","timestamp":"2026-06-21T17:35:00.018Z"}
{"level":"warn","message":"ROI Cron Already Executed","timestamp":"2026-06-21T17:35:00.020Z"}
{"level":"info","message":"Starting Daily ROI Cron","timestamp":"2026-06-21T17:36:00.018Z"}
{"level":"warn","message":"ROI Cron Already Executed","timestamp":"2026-06-21T17:36:00.021Z"}
{"level":"info","message":"Starting Daily ROI Cron","timestamp":"2026-06-21T17:37:00.021Z"}
{"level":"warn","message":"ROI Cron Already Executed","timestamp":"2026-06-21T17:37:00.023Z"}
{"level":"info","message":"Starting Daily ROI Cron","timestamp":"2026-06-21T17:38:00.023Z"}
{"level":"warn","message":"ROI Cron Already Executed","timestamp":"2026-06-21T17:38:00.025Z"}
{"level":"info","message":"Starting Daily ROI Cron","timestamp":"2026-06-21T17:39:00.029Z"}
{"level":"warn","message":"ROI Cron Already Executed","timestamp":"2026-06-21T17:39:00.031Z"}
{"level":"info","message":"Starting Daily ROI Cron","timestamp":"2026-06-21T17:40:00.017Z"}
{"level":"warn","message":"ROI Cron Already Executed","timestamp":"2026-06-21T17:40:00.020Z"}
{"level":"info","message":"Starting Daily ROI Cron","timestamp":"2026-06-21T17:41:00.020Z"}
{"level":"warn","message":"ROI Cron Already Executed","timestamp":"2026-06-21T17:41:00.021Z"}
{"level":"info","message":"Starting Daily ROI Cron","timestamp":"2026-06-21T17:42:00.023Z"}
{"level":"warn","message":"ROI Cron Already Executed","timestamp":"2026-06-21T17:42:00.025Z"}
{"level":"info","message":"Starting Daily ROI Cron","timestamp":"2026-06-21T17:43:00.020Z"}
{"level":"warn","message":"ROI Cron Already Executed","timestamp":"2026-06-21T17:43:00.022Z"}
{"level":"info","message":"Starting Daily ROI Cron","timestamp":"2026-06-21T17:44:00.020Z"}
{"level":"warn","message":"ROI Cron Already Executed","timestamp":"2026-06-21T17:44:00.022Z"}
{"level":"info","message":"Starting Daily ROI Cron","timestamp":"2026-06-21T17:45:00.031Z"}
{"level":"warn","message":"ROI Cron Already Executed","timestamp":"2026-06-21T17:45:00.033Z"}
{"level":"info","message":"Starting Daily ROI Cron","timestamp":"2026-06-21T17:46:00.026Z"}
{"level":"warn","message":"ROI Cron Already Executed","timestamp":"2026-06-21T17:46:00.028Z"}
{"level":"info","message":"Starting Daily ROI Cron","timestamp":"2026-06-21T17:47:00.009Z"}
{"level":"warn","message":"ROI Cron Already Executed","timestamp":"2026-06-21T17:47:00.012Z"}
{"level":"info","message":"Starting Daily ROI Cron","timestamp":"2026-06-21T17:48:00.021Z"}
{"level":"warn","message":"ROI Cron Already Executed","timestamp":"2026-06-21T17:48:00.023Z"}
{"level":"info","message":"Starting Daily ROI Cron","timestamp":"2026-06-21T17:49:00.028Z"}
{"level":"warn","message":"ROI Cron Already Executed","timestamp":"2026-06-21T17:49:00.031Z"}
{"level":"info","message":"Starting Daily ROI Cron","timestamp":"2026-06-21T17:50:00.028Z"}
{"level":"warn","message":"ROI Cron Already Executed","timestamp":"2026-06-21T17:50:00.031Z"}
{"level":"info","message":"Starting Daily ROI Cron","timestamp":"2026-06-21T17:51:00.032Z"}
{"level":"warn","message":"ROI Cron Already Executed","timestamp":"2026-06-21T17:51:00.034Z"}
{"level":"info","message":"Starting Daily ROI Cron","timestamp":"2026-06-21T17:52:00.025Z"}
{"level":"warn","message":"ROI Cron Already Executed","timestamp":"2026-06-21T17:52:00.028Z"}
{"level":"info","message":"Starting Daily ROI Cron","timestamp":"2026-06-21T17:53:00.030Z"}
{"level":"warn","message":"ROI Cron Already Executed","timestamp":"2026-06-21T17:53:00.032Z"}
{"level":"info","message":"Starting Daily ROI Cron","timestamp":"2026-06-21T17:54:00.016Z"}
{"level":"warn","message":"ROI Cron Already Executed","timestamp":"2026-06-21T17:54:00.018Z"}
{"level":"info","message":"Starting Daily ROI Cron","timestamp":"2026-06-21T17:55:00.018Z"}
{"level":"warn","message":"ROI Cron Already Executed","timestamp":"2026-06-21T17:55:00.021Z"}
{"level":"info","message":"Starting Daily ROI Cron","timestamp":"2026-06-21T17:56:00.025Z"}
{"level":"warn","message":"ROI Cron Already Executed","timestamp":"2026-06-21T17:56:00.027Z"}
{"level":"info","message":"Starting Daily ROI Cron","timestamp":"2026-06-21T17:57:00.020Z"}
{"level":"warn","message":"ROI Cron Already Executed","timestamp":"2026-06-21T17:57:00.021Z"}
{"level":"info","message":"Starting Daily ROI Cron","timestamp":"2026-06-21T17:58:00.021Z"}
{"level":"warn","message":"ROI Cron Already Executed","timestamp":"2026-06-21T17:58:00.024Z"}
{"level":"info","message":"Starting Daily ROI Cron","timestamp":"2026-06-21T17:59:00.024Z"}
{"level":"warn","message":"ROI Cron Already Executed","timestamp":"2026-06-21T17:59:00.027Z"}
{"level":"info","message":"Starting Daily ROI Cron","timestamp":"2026-06-21T18:00:00.020Z"}
{"level":"warn","message":"ROI Cron Already Executed","timestamp":"2026-06-21T18:00:00.022Z"}
{"level":"info","message":"Starting Daily ROI Cron","timestamp":"2026-06-21T18:01:00.023Z"}
{"level":"warn","message":"ROI Cron Already Executed","timestamp":"2026-06-21T18:01:00.025Z"}
{"level":"info","message":"MongoDB Connected","timestamp":"2026-06-21T18:01:38.985Z"}
{"level":"info","message":"Starting Daily ROI Cron","timestamp":"2026-06-21T18:02:00.030Z"}
{"level":"warn","message":"ROI Cron Already Executed","timestamp":"2026-06-21T18:02:00.037Z"}
{"level":"info","message":"MongoDB Connected","timestamp":"2026-06-21T18:02:38.113Z"}
{"level":"info","message":"Starting Daily ROI Cron","timestamp":"2026-06-21T18:03:00.027Z"}
{"level":"info","message":"ROI Processing Completed","timestamp":"2026-06-21T18:03:00.164Z"}
{"level":"info","message":"Starting Daily ROI Cron","timestamp":"2026-06-21T18:04:00.025Z"}
{"level":"warn","message":"ROI Cron Already Executed","timestamp":"2026-06-21T18:04:00.027Z"}
{"level":"info","message":"Starting Daily ROI Cron","timestamp":"2026-06-21T18:05:00.023Z"}
{"level":"warn","message":"ROI Cron Already Executed","timestamp":"2026-06-21T18:05:00.025Z"}
{"level":"info","message":"Starting Daily ROI Cron","timestamp":"2026-06-21T18:06:00.017Z"}
{"level":"info","message":"ROI Processing Completed","timestamp":"2026-06-21T18:06:00.050Z"}
{"level":"info","message":"MongoDB Connected","timestamp":"2026-06-21T18:06:07.891Z"}
{"level":"info","message":"Starting Daily ROI Cron","timestamp":"2026-06-21T18:07:00.022Z"}
{"level":"warn","message":"ROI Cron Already Executed","timestamp":"2026-06-21T18:07:00.029Z"}
{"level":"info","message":"Starting Daily ROI Cron","timestamp":"2026-06-21T18:08:00.043Z"}
{"level":"warn","message":"ROI Cron Already Executed","timestamp":"2026-06-21T18:08:00.046Z"}
{"level":"info","message":"Starting Daily ROI Cron","timestamp":"2026-06-21T18:09:00.029Z"}
{"level":"warn","message":"ROI Cron Already Executed","timestamp":"2026-06-21T18:09:00.031Z"}
{"level":"info","message":"Starting Daily ROI Cron","timestamp":"2026-06-21T18:10:00.031Z"}
{"level":"warn","message":"ROI Cron Already Executed","timestamp":"2026-06-21T18:10:00.034Z"}
{"level":"info","message":"Starting Daily ROI Cron","timestamp":"2026-06-21T18:11:00.009Z"}
{"level":"warn","message":"ROI Cron Already Executed","timestamp":"2026-06-21T18:11:00.012Z"}
{"level":"info","message":"Starting Daily ROI Cron","timestamp":"2026-06-21T18:12:00.031Z"}
{"level":"warn","message":"ROI Cron Already Executed","timestamp":"2026-06-21T18:12:00.034Z"}
{"level":"info","message":"Starting Daily ROI Cron","timestamp":"2026-06-21T18:13:00.032Z"}
{"level":"warn","message":"ROI Cron Already Executed","timestamp":"2026-06-21T18:13:00.038Z"}
{"level":"info","message":"Starting Daily ROI Cron","timestamp":"2026-06-21T18:14:00.020Z"}
{"level":"warn","message":"ROI Cron Already Executed","timestamp":"2026-06-21T18:14:00.023Z"}
{"level":"info","message":"Starting Daily ROI Cron","timestamp":"2026-06-21T18:15:00.020Z"}
{"level":"warn","message":"ROI Cron Already Executed","timestamp":"2026-06-21T18:15:00.022Z"}
{"level":"info","message":"Starting Daily ROI Cron","timestamp":"2026-06-21T18:16:00.021Z"}
{"level":"warn","message":"ROI Cron Already Executed","timestamp":"2026-06-21T18:16:00.024Z"}
{"level":"info","message":"Starting Daily ROI Cron","timestamp":"2026-06-21T18:17:00.030Z"}
{"level":"warn","message":"ROI Cron Already Executed","timestamp":"2026-06-21T18:17:00.032Z"}
{"level":"info","message":"Starting Daily ROI Cron","timestamp":"2026-06-21T18:18:00.018Z"}
{"level":"warn","message":"ROI Cron Already Executed","timestamp":"2026-06-21T18:18:00.020Z"}
{"level":"info","message":"Starting Daily ROI Cron","timestamp":"2026-06-21T18:19:00.017Z"}
{"level":"warn","message":"ROI Cron Already Executed","timestamp":"2026-06-21T18:19:00.019Z"}
{"level":"info","message":"Starting Daily ROI Cron","timestamp":"2026-06-21T18:20:00.028Z"}
{"level":"warn","message":"ROI Cron Already Executed","timestamp":"2026-06-21T18:20:00.030Z"}
{"level":"info","message":"Starting Daily ROI Cron","timestamp":"2026-06-21T18:21:00.012Z"}
{"level":"warn","message":"ROI Cron Already Executed","timestamp":"2026-06-21T18:21:00.015Z"}
{"level":"info","message":"Starting Daily ROI Cron","timestamp":"2026-06-21T18:22:00.024Z"}
{"level":"warn","message":"ROI Cron Already Executed","timestamp":"2026-06-21T18:22:00.026Z"}
{"level":"info","message":"Starting Daily ROI Cron","timestamp":"2026-06-21T18:23:00.027Z"}
{"level":"warn","message":"ROI Cron Already Executed","timestamp":"2026-06-21T18:23:00.030Z"}
{"level":"info","message":"Starting Daily ROI Cron","timestamp":"2026-06-21T18:24:00.030Z"}
{"level":"warn","message":"ROI Cron Already Executed","timestamp":"2026-06-21T18:24:00.032Z"}
{"level":"info","message":"Starting Daily ROI Cron","timestamp":"2026-06-21T18:25:00.023Z"}
{"level":"warn","message":"ROI Cron Already Executed","timestamp":"2026-06-21T18:25:00.025Z"}
{"level":"info","message":"Starting Daily ROI Cron","timestamp":"2026-06-21T18:26:00.007Z"}
{"level":"warn","message":"ROI Cron Already Executed","timestamp":"2026-06-21T18:26:00.010Z"}
{"level":"info","message":"Starting Daily ROI Cron","timestamp":"2026-06-21T18:27:00.025Z"}
{"level":"warn","message":"ROI Cron Already Executed","timestamp":"2026-06-21T18:27:00.027Z"}
{"level":"info","message":"Starting Daily ROI Cron","timestamp":"2026-06-21T18:28:00.024Z"}
{"level":"warn","message":"ROI Cron Already Executed","timestamp":"2026-06-21T18:28:00.027Z"}
{"level":"info","message":"Starting Daily ROI Cron","timestamp":"2026-06-21T18:29:00.023Z"}
{"level":"warn","message":"ROI Cron Already Executed","timestamp":"2026-06-21T18:29:00.025Z"}
{"level":"info","message":"Starting Daily ROI Cron","timestamp":"2026-06-21T18:30:00.020Z"}
{"level":"info","message":"ROI Processing Completed","timestamp":"2026-06-21T18:30:00.094Z"}
{"level":"info","message":"Starting Daily ROI Cron","timestamp":"2026-06-21T18:31:00.026Z"}
{"level":"warn","message":"ROI Cron Already Executed","timestamp":"2026-06-21T18:31:00.028Z"}
{"level":"info","message":"Starting Daily ROI Cron","timestamp":"2026-06-21T18:32:00.014Z"}
{"level":"warn","message":"ROI Cron Already Executed","timestamp":"2026-06-21T18:32:00.017Z"}
{"level":"info","message":"Starting Daily ROI Cron","timestamp":"2026-06-21T18:33:00.019Z"}
{"level":"warn","message":"ROI Cron Already Executed","timestamp":"2026-06-21T18:33:00.021Z"}
{"level":"info","message":"Starting Daily ROI Cron","timestamp":"2026-06-21T18:34:00.024Z"}
{"level":"warn","message":"ROI Cron Already Executed","timestamp":"2026-06-21T18:34:00.026Z"}
{"level":"info","message":"Starting Daily ROI Cron","timestamp":"2026-06-21T18:35:00.024Z"}
{"level":"warn","message":"ROI Cron Already Executed","timestamp":"2026-06-21T18:35:00.027Z"}
{"level":"info","message":"Starting Daily ROI Cron","timestamp":"2026-06-21T18:36:00.029Z"}
{"level":"warn","message":"ROI Cron Already Executed","timestamp":"2026-06-21T18:36:00.031Z"}
{"level":"info","message":"Starting Daily ROI Cron","timestamp":"2026-06-21T18:37:00.028Z"}
{"level":"warn","message":"ROI Cron Already Executed","timestamp":"2026-06-21T18:37:00.031Z"}
{"level":"info","message":"Starting Daily ROI Cron","timestamp":"2026-06-21T18:38:00.018Z"}
{"level":"warn","message":"ROI Cron Already Executed","timestamp":"2026-06-21T18:38:00.020Z"}
{"level":"info","message":"Starting Daily ROI Cron","timestamp":"2026-06-21T18:39:00.018Z"}
{"level":"warn","message":"ROI Cron Already Executed","timestamp":"2026-06-21T18:39:00.022Z"}
{"level":"info","message":"Starting Daily ROI Cron","timestamp":"2026-06-21T18:40:00.026Z"}
{"level":"warn","message":"ROI Cron Already Executed","timestamp":"2026-06-21T18:40:00.029Z"}
{"level":"info","message":"Starting Daily ROI Cron","timestamp":"2026-06-21T18:41:00.028Z"}
{"level":"warn","message":"ROI Cron Already Executed","timestamp":"2026-06-21T18:41:00.033Z"}
{"level":"info","message":"Starting Daily ROI Cron","timestamp":"2026-06-21T18:42:00.043Z"}
{"level":"warn","message":"ROI Cron Already Executed","timestamp":"2026-06-21T18:42:00.053Z"}
{"level":"info","message":"Starting Daily ROI Cron","timestamp":"2026-06-21T18:43:00.031Z"}
{"level":"warn","message":"ROI Cron Already Executed","timestamp":"2026-06-21T18:43:00.033Z"}
{"level":"info","message":"Starting Daily ROI Cron","timestamp":"2026-06-21T18:44:00.026Z"}
{"level":"warn","message":"ROI Cron Already Executed","timestamp":"2026-06-21T18:44:00.028Z"}
{"level":"info","message":"Starting Daily ROI Cron","timestamp":"2026-06-21T18:45:00.025Z"}
{"level":"warn","message":"ROI Cron Already Executed","timestamp":"2026-06-21T18:45:00.028Z"}
{"level":"info","message":"Starting Daily ROI Cron","timestamp":"2026-06-21T18:46:00.017Z"}
{"level":"warn","message":"ROI Cron Already Executed","timestamp":"2026-06-21T18:46:00.020Z"}
{"level":"info","message":"Starting Daily ROI Cron","timestamp":"2026-06-21T18:47:00.030Z"}
{"level":"warn","message":"ROI Cron Already Executed","timestamp":"2026-06-21T18:47:00.033Z"}
{"level":"info","message":"Starting Daily ROI Cron","timestamp":"2026-06-21T18:48:00.021Z"}
{"level":"warn","message":"ROI Cron Already Executed","timestamp":"2026-06-21T18:48:00.028Z"}
{"level":"info","message":"Starting Daily ROI Cron","timestamp":"2026-06-21T18:49:00.023Z"}
{"level":"warn","message":"ROI Cron Already Executed","timestamp":"2026-06-21T18:49:00.026Z"}
{"level":"info","message":"Starting Daily ROI Cron","timestamp":"2026-06-21T18:50:00.016Z"}
{"level":"warn","message":"ROI Cron Already Executed","timestamp":"2026-06-21T18:50:00.020Z"}
{"level":"info","message":"Starting Daily ROI Cron","timestamp":"2026-06-21T18:51:00.029Z"}
{"level":"warn","message":"ROI Cron Already Executed","timestamp":"2026-06-21T18:51:00.032Z"}
{"level":"info","message":"Starting Daily ROI Cron","timestamp":"2026-06-21T18:52:00.022Z"}
{"level":"warn","message":"ROI Cron Already Executed","timestamp":"2026-06-21T18:52:00.026Z"}
{"level":"info","message":"Starting Daily ROI Cron","timestamp":"2026-06-21T18:53:00.022Z"}
{"level":"warn","message":"ROI Cron Already Executed","timestamp":"2026-06-21T18:53:00.027Z"}
{"level":"info","message":"Starting Daily ROI Cron","timestamp":"2026-06-21T18:54:00.022Z"}
{"level":"warn","message":"ROI Cron Already Executed","timestamp":"2026-06-21T18:54:00.027Z"}
{"level":"info","message":"Starting Daily ROI Cron","timestamp":"2026-06-21T18:55:00.021Z"}
{"level":"warn","message":"ROI Cron Already Executed","timestamp":"2026-06-21T18:55:00.024Z"}
{"level":"info","message":"Starting Daily ROI Cron","timestamp":"2026-06-21T18:56:00.022Z"}
{"level":"warn","message":"ROI Cron Already Executed","timestamp":"2026-06-21T18:56:00.028Z"}
{"level":"info","message":"Starting Daily ROI Cron","timestamp":"2026-06-21T18:57:00.029Z"}
{"level":"warn","message":"ROI Cron Already Executed","timestamp":"2026-06-21T18:57:00.031Z"}
{"level":"info","message":"Starting Daily ROI Cron","timestamp":"2026-06-21T18:58:00.030Z"}
{"level":"warn","message":"ROI Cron Already Executed","timestamp":"2026-06-21T18:58:00.036Z"}
{"level":"info","message":"Starting Daily ROI Cron","timestamp":"2026-06-21T18:59:00.021Z"}
{"level":"warn","message":"ROI Cron Already Executed","timestamp":"2026-06-21T18:59:00.023Z"}
{"level":"info","message":"Starting Daily ROI Cron","timestamp":"2026-06-21T19:00:00.023Z"}
{"level":"warn","message":"ROI Cron Already Executed","timestamp":"2026-06-21T19:00:00.026Z"}
{"level":"info","message":"Starting Daily ROI Cron","timestamp":"2026-06-21T19:01:00.027Z"}
{"level":"warn","message":"ROI Cron Already Executed","timestamp":"2026-06-21T19:01:00.029Z"}
{"level":"info","message":"Starting Daily ROI Cron","timestamp":"2026-06-21T19:02:00.028Z"}
{"level":"warn","message":"ROI Cron Already Executed","timestamp":"2026-06-21T19:02:00.030Z"}
{"level":"info","message":"Starting Daily ROI Cron","timestamp":"2026-06-21T19:03:00.023Z"}
{"level":"warn","message":"ROI Cron Already Executed","timestamp":"2026-06-21T19:03:00.025Z"}
{"level":"info","message":"Starting Daily ROI Cron","timestamp":"2026-06-21T19:04:00.024Z"}
{"level":"warn","message":"ROI Cron Already Executed","timestamp":"2026-06-21T19:04:00.026Z"}
{"level":"info","message":"Starting Daily ROI Cron","timestamp":"2026-06-21T19:05:00.024Z"}
{"level":"warn","message":"ROI Cron Already Executed","timestamp":"2026-06-21T19:05:00.028Z"}
{"level":"info","message":"Starting Daily ROI Cron","timestamp":"2026-06-21T19:06:00.022Z"}
{"level":"warn","message":"ROI Cron Already Executed","timestamp":"2026-06-21T19:06:00.025Z"}
{"level":"info","message":"Starting Daily ROI Cron","timestamp":"2026-06-21T19:08:00.028Z"}
{"level":"warn","message":"ROI Cron Already Executed","timestamp":"2026-06-21T19:08:00.030Z"}
{"level":"info","message":"Starting Daily ROI Cron","timestamp":"2026-06-21T19:09:00.031Z"}
{"level":"warn","message":"ROI Cron Already Executed","timestamp":"2026-06-21T19:09:00.034Z"}
{"level":"info","message":"Starting Daily ROI Cron","timestamp":"2026-06-21T19:10:00.029Z"}
{"level":"warn","message":"ROI Cron Already Executed","timestamp":"2026-06-21T19:10:00.031Z"}
{"level":"info","message":"Starting Daily ROI Cron","timestamp":"2026-06-21T19:11:00.027Z"}
{"level":"warn","message":"ROI Cron Already Executed","timestamp":"2026-06-21T19:11:00.030Z"}
{"level":"info","message":"Starting Daily ROI Cron","timestamp":"2026-06-21T19:12:00.019Z"}
{"level":"warn","message":"ROI Cron Already Executed","timestamp":"2026-06-21T19:12:00.021Z"}
{"level":"info","message":"Starting Daily ROI Cron","timestamp":"2026-06-21T19:13:00.028Z"}
{"level":"warn","message":"ROI Cron Already Executed","timestamp":"2026-06-21T19:13:00.030Z"}
{"level":"info","message":"Starting Daily ROI Cron","timestamp":"2026-06-21T19:14:00.029Z"}
{"level":"warn","message":"ROI Cron Already Executed","timestamp":"2026-06-21T19:14:00.030Z"}
{"level":"info","message":"Starting Daily ROI Cron","timestamp":"2026-06-21T19:15:00.019Z"}
{"level":"warn","message":"ROI Cron Already Executed","timestamp":"2026-06-21T19:15:00.022Z"}
{"level":"info","message":"Starting Daily ROI Cron","timestamp":"2026-06-21T19:16:00.030Z"}
{"level":"warn","message":"ROI Cron Already Executed","timestamp":"2026-06-21T19:16:00.033Z"}
{"level":"info","message":"Starting Daily ROI Cron","timestamp":"2026-06-21T19:17:00.031Z"}
{"level":"warn","message":"ROI Cron Already Executed","timestamp":"2026-06-21T19:17:00.034Z"}
{"level":"info","message":"Starting Daily ROI Cron","timestamp":"2026-06-21T19:18:00.020Z"}
{"level":"warn","message":"ROI Cron Already Executed","timestamp":"2026-06-21T19:18:00.024Z"}
{"level":"info","message":"Starting Daily ROI Cron","timestamp":"2026-06-21T19:19:00.022Z"}
{"level":"warn","message":"ROI Cron Already Executed","timestamp":"2026-06-21T19:19:00.025Z"}
{"level":"info","message":"Starting Daily ROI Cron","timestamp":"2026-06-21T19:20:00.023Z"}
{"level":"warn","message":"ROI Cron Already Executed","timestamp":"2026-06-21T19:20:00.027Z"}
{"level":"info","message":"Starting Daily ROI Cron","timestamp":"2026-06-21T19:21:00.016Z"}
{"level":"warn","message":"ROI Cron Already Executed","timestamp":"2026-06-21T19:21:00.021Z"}
{"level":"info","message":"Starting Daily ROI Cron","timestamp":"2026-06-21T19:22:00.025Z"}
{"level":"warn","message":"ROI Cron Already Executed","timestamp":"2026-06-21T19:22:00.029Z"}
{"level":"info","message":"Starting Daily ROI Cron","timestamp":"2026-06-21T19:23:00.019Z"}
{"level":"warn","message":"ROI Cron Already Executed","timestamp":"2026-06-21T19:23:00.022Z"}
{"level":"info","message":"Starting Daily ROI Cron","timestamp":"2026-06-21T19:24:00.022Z"}
{"level":"warn","message":"ROI Cron Already Executed","timestamp":"2026-06-21T19:24:00.026Z"}
{"level":"info","message":"Starting Daily ROI Cron","timestamp":"2026-06-21T19:25:00.020Z"}
{"level":"warn","message":"ROI Cron Already Executed","timestamp":"2026-06-21T19:25:00.023Z"}
{"level":"info","message":"Starting Daily ROI Cron","timestamp":"2026-06-21T19:26:00.027Z"}
{"level":"warn","message":"ROI Cron Already Executed","timestamp":"2026-06-21T19:26:00.030Z"}
{"level":"info","message":"Starting Daily ROI Cron","timestamp":"2026-06-21T19:27:00.027Z"}
{"level":"warn","message":"ROI Cron Already Executed","timestamp":"2026-06-21T19:27:00.029Z"}
{"level":"info","message":"Starting Daily ROI Cron","timestamp":"2026-06-21T19:28:00.019Z"}
{"level":"warn","message":"ROI Cron Already Executed","timestamp":"2026-06-21T19:28:00.022Z"}
{"level":"info","message":"Starting Daily ROI Cron","timestamp":"2026-06-21T19:29:00.019Z"}
{"level":"warn","message":"ROI Cron Already Executed","timestamp":"2026-06-21T19:29:00.021Z"}
{"level":"info","message":"Starting Daily ROI Cron","timestamp":"2026-06-21T19:30:00.018Z"}
{"level":"warn","message":"ROI Cron Already Executed","timestamp":"2026-06-21T19:30:00.021Z"}
{"level":"info","message":"Starting Daily ROI Cron","timestamp":"2026-06-21T19:31:00.027Z"}
{"level":"warn","message":"ROI Cron Already Executed","timestamp":"2026-06-21T19:31:00.031Z"}
{"level":"info","message":"Starting Daily ROI Cron","timestamp":"2026-06-21T19:32:00.023Z"}
{"level":"warn","message":"ROI Cron Already Executed","timestamp":"2026-06-21T19:32:00.036Z"}
{"level":"info","message":"Starting Daily ROI Cron","timestamp":"2026-06-21T19:33:00.027Z"}
{"level":"warn","message":"ROI Cron Already Executed","timestamp":"2026-06-21T19:33:00.030Z"}
{"level":"info","message":"Starting Daily ROI Cron","timestamp":"2026-06-21T19:34:00.019Z"}
{"level":"warn","message":"ROI Cron Already Executed","timestamp":"2026-06-21T19:34:00.022Z"}
{"level":"info","message":"Starting Daily ROI Cron","timestamp":"2026-06-21T19:35:00.030Z"}
{"level":"warn","message":"ROI Cron Already Executed","timestamp":"2026-06-21T19:35:00.032Z"}
{"level":"info","message":"Starting Daily ROI Cron","timestamp":"2026-06-21T19:36:00.026Z"}
{"level":"warn","message":"ROI Cron Already Executed","timestamp":"2026-06-21T19:36:00.027Z"}
{"level":"info","message":"Starting Daily ROI Cron","timestamp":"2026-06-21T19:37:00.027Z"}
{"level":"warn","message":"ROI Cron Already Executed","timestamp":"2026-06-21T19:37:00.030Z"}
{"level":"info","message":"Starting Daily ROI Cron","timestamp":"2026-06-21T19:38:00.023Z"}
{"level":"warn","message":"ROI Cron Already Executed","timestamp":"2026-06-21T19:38:00.025Z"}
{"level":"info","message":"Starting Daily ROI Cron","timestamp":"2026-06-21T19:39:00.025Z"}
{"level":"warn","message":"ROI Cron Already Executed","timestamp":"2026-06-21T19:39:00.027Z"}
{"level":"info","message":"Starting Daily ROI Cron","timestamp":"2026-06-21T19:40:00.028Z"}
{"level":"warn","message":"ROI Cron Already Executed","timestamp":"2026-06-21T19:40:00.031Z"}
